<?xml version="1.0" encoding="UTF-8" ?>
<testsuites name="vitest tests" tests="1" failures="0" errors="0" time="108.5777115">
    <testsuite name="testdriver/acceptance-sdk/prompt.test.mjs" timestamp="2025-11-19T02:04:56.013Z" hostname="MacBookPro.lan" tests="1" failures="0" errors="0" skipped="0" time="108.5777115">
        <testcase classname="testdriver/acceptance-sdk/prompt.test.mjs" name="Prompt Test &gt; should execute AI-driven prompts" time="70.719961084">
            <system-out>
[2mthinking...[22m

input-1763517807931

input-1763517807931

input-1763517807931
input-1763517807931

input-1763517807931
input-1763517807931
input-1763517807931

input-1763517807931

input-1763517807931

input-1763517807931

input-1763517807931
input-1763517807931

input-1763517807931
input-1763517807931

input-1763517807931

input-1763517807931

input-1763517807931
input-1763517807931

input-1763517807931
input-1763517807931

input-1763517807931
input-1763517807931

input-1763517807931
input-1763517807931

input-1763517807931
input-1763517807931

input-1763517807931
input-1763517807931

input-1763517807931
input-1763517807931

input-1763517807931
input-1763517807931

input-1763517807931
input-1763517807931

input-1763517807931

input-1763517807931

input-1763517807931
input-1763517807931

input-1763517807931
input-1763517807931

input-1763517807931
input-1763517807931

input-1763517807931
input-1763517807931
input-1763517807931

input-1763517807931

input-1763517807931
input-1763517807931

input-1763517807931
input-1763517807931
input-1763517807931

input-1763517807931

input-1763517807931
input-1763517807931

input-1763517807931
input-1763517807931

input-1763517807931
input-1763517807931

input-1763517807931

input-1763517807931

input-1763517807931

input-1763517807931

input-1763517807931
input-1763517807931

input-1763517807931
input-1763517807931
input-1763517807931

input-1763517807931

input-1763517807931
input-1763517807931

input-1763517807931
input-1763517807931
input-1763517807931

input-1763517807931

input-1763517807931
input-1763517807931

input-1763517807931

input-1763517807931

input-1763517807931
input-1763517807931
input-1763517807931

input-1763517807931

input-1763517807931

input-1763517807931

input-1763517807931
input-1763517807931

input-1763517807931
input-1763517807931

input-1763517807931
input-1763517807931

input-1763517807931
input-1763517807931

input-1763517807931
input-1763517807931

input-1763517807931
input-1763517807931

input-1763517807931
input-1763517807931

input-1763517807931
input-1763517807931

input-1763517807931

input-1763517807931

input-1763517807931
input-1763517807931

input-1763517807931
input-1763517807931

input-1763517807931
input-1763517807931
input-1763517807931

input-1763517807931

input-1763517807931
input-1763517807931

input-1763517807931
input-1763517807931

input-1763517807931
input-1763517807931
input-1763517807931

input-1763517807931

input-1763517807931
input-1763517807931

input-1763517807931
input-1763517807931

input-1763517807931
input-1763517807931

input-1763517807931
input-1763517807931

input-1763517807931

input-1763517807931

input-1763517807931
input-1763517807931
input-1763517807931

input-1763517807931

input-1763517807931

[38;2;52;211;211mcommand[39m=[38;2;179;211;52m&apos;focus-application&apos;[39m [38;2;52;211;211mname[39m=[38;2;179;211;52m&apos;Google Chrome&apos;[39m

[redraw] screen:[2mfalse/0.1%[22m network:[38;2;179;211;52my[39m timeout:[2m0/1s[22m

[redraw] screen:[2mfalse/0.1%[22m network:[38;2;179;211;52my[39m timeout:[38;2;179;211;52my[39m
[redraw complete] screen:false network:true timeout:true elapsed:1767ms

[38;2;52;211;211mcommand[39m=[38;2;179;211;52m&apos;hover-text&apos;[39m [38;2;52;211;211mtext[39m=[38;2;179;211;52m&apos;Username&apos;[39m [38;2;52;211;211mdescription[39m=[38;2;179;211;52m&apos;Username label above the username input field on the login form&apos;[39m [38;2;52;211;211maction[39m=[38;2;179;211;52m&apos;click&apos;[39m
[2msearching for &quot;Username&quot; (Username label above the username input field on the login form)...[22m

[2mwaiting for text: &quot;Username&quot;...[22m

[2m&quot;Username&quot; found![22m

[2mthinking...[22m

[2mclick left clicking at 490, 283...[22m

[redraw] screen:[38;2;179;211;52my[39m network:[38;2;179;211;52my[39m timeout:[2m0/5s[22m
[redraw complete] screen:true network:true timeout:false elapsed:680ms

[2mchecking...[22m

check-1763517825266

check-1763517825266
check-1763517825266

check-1763517825266

check-1763517825266
check-1763517825266

check-1763517825266
check-1763517825266
check-1763517825266

check-1763517825266

check-1763517825266
check-1763517825266

check-1763517825266
check-1763517825266

check-1763517825266

check-1763517825266

check-1763517825266
check-1763517825266

check-1763517825266
check-1763517825266

check-1763517825266
check-1763517825266

check-1763517825266
check-1763517825266

check-1763517825266
check-1763517825266

check-1763517825266

check-1763517825266
check-1763517825266
check-1763517825266

check-1763517825266
check-1763517825266

check-1763517825266
check-1763517825266
check-1763517825266

check-1763517825266
check-1763517825266
check-1763517825266

check-1763517825266
check-1763517825266

check-1763517825266

check-1763517825266

check-1763517825266
check-1763517825266
check-1763517825266
check-1763517825266
check-1763517825266
check-1763517825266

check-1763517825266

check-1763517825266

check-1763517825266
check-1763517825266

check-1763517825266
check-1763517825266

check-1763517825266
check-1763517825266

check-1763517825266
check-1763517825266

check-1763517825266
check-1763517825266

check-1763517825266
check-1763517825266

check-1763517825266
check-1763517825266

check-1763517825266
check-1763517825266

check-1763517825266
check-1763517825266

check-1763517825266

[38;2;52;211;211mcommand[39m=[38;2;179;211;52m&apos;type&apos;[39m [38;2;52;211;211mtext[39m=[38;2;179;211;52m&apos;standard_user&apos;[39m
[2mtyping &quot;standard_user&quot;...[22m

[redraw] screen:[2m0.0/0.1%[22m network:[38;2;179;211;52my[39m timeout:[2m0/5s[22m

[redraw] screen:[2m0.0/0.1%[22m network:[38;2;179;211;52my[39m timeout:[2m1/5s[22m

[redraw] screen:[2m0.0/0.1%[22m network:[38;2;179;211;52my[39m timeout:[2m3/5s[22m

[redraw] screen:[2m0.0/0.1%[22m network:[38;2;179;211;52my[39m timeout:[2m4/5s[22m

[redraw] screen:[2m0.0/0.1%[22m network:[38;2;179;211;52my[39m timeout:[38;2;179;211;52my[39m
[redraw complete] screen:false network:true timeout:true elapsed:5432ms

[2mchecking...[22m

check-1763517836801

check-1763517836801

check-1763517836801

check-1763517836801

check-1763517836801

check-1763517836801

check-1763517836801
check-1763517836801

check-1763517836801

check-1763517836801

check-1763517836801
check-1763517836801

check-1763517836801
check-1763517836801

check-1763517836801
check-1763517836801
check-1763517836801

check-1763517836801

check-1763517836801

check-1763517836801

check-1763517836801
check-1763517836801

check-1763517836801
check-1763517836801

check-1763517836801
check-1763517836801

check-1763517836801

check-1763517836801

check-1763517836801
check-1763517836801

check-1763517836801

check-1763517836801

check-1763517836801
check-1763517836801

check-1763517836801
check-1763517836801

check-1763517836801
check-1763517836801
check-1763517836801

check-1763517836801

check-1763517836801
check-1763517836801

check-1763517836801
check-1763517836801
check-1763517836801

check-1763517836801

check-1763517836801
check-1763517836801

check-1763517836801
check-1763517836801

check-1763517836801
check-1763517836801

check-1763517836801
check-1763517836801
check-1763517836801

check-1763517836801

check-1763517836801
check-1763517836801

check-1763517836801
check-1763517836801

check-1763517836801

check-1763517836801

check-1763517836801
check-1763517836801

check-1763517836801
check-1763517836801

check-1763517836801
check-1763517836801
check-1763517836801
check-1763517836801

check-1763517836801
check-1763517836801

check-1763517836801

check-1763517836801
check-1763517836801
check-1763517836801

check-1763517836801

check-1763517836801

check-1763517836801

check-1763517836801
check-1763517836801
check-1763517836801

check-1763517836801

check-1763517836801
check-1763517836801

check-1763517836801
check-1763517836801
check-1763517836801

check-1763517836801

check-1763517836801
check-1763517836801

check-1763517836801
check-1763517836801

check-1763517836801
check-1763517836801

check-1763517836801

check-1763517836801

check-1763517836801
check-1763517836801

check-1763517836801
check-1763517836801

check-1763517836801
check-1763517836801

check-1763517836801
check-1763517836801

check-1763517836801
check-1763517836801

check-1763517836801
check-1763517836801

check-1763517836801

[38;2;52;211;211mcommand[39m=[38;2;179;211;52m&apos;hover-text&apos;[39m [38;2;52;211;211mtext[39m=[38;2;179;211;52m&apos;Password&apos;[39m [38;2;52;211;211mdescription[39m=[38;2;179;211;52m&apos;Password label above the password input field on the login form&apos;[39m [38;2;52;211;211maction[39m=[38;2;179;211;52m&apos;click&apos;[39m
[2msearching for &quot;Password&quot; (Password label above the password input field on the login form)...[22m

[2mwaiting for text: &quot;Password&quot;...[22m

[2m&quot;Password&quot; found![22m

[2mthinking...[22m

[2mclick left clicking at 489, 382...[22m

[redraw] screen:[38;2;179;211;52my[39m network:[38;2;179;211;52my[39m timeout:[2m0/5s[22m
[redraw complete] screen:true network:true timeout:false elapsed:660ms

[38;2;52;211;211mcommand[39m=[38;2;179;211;52m&apos;type&apos;[39m [38;2;52;211;211mtext[39m=[38;2;179;211;52m&apos;secret_password&apos;[39m
[2mtyping &quot;secret_password&quot;...[22m

[redraw] screen:[2m0.0/0.1%[22m network:[38;2;179;211;52my[39m timeout:[2m0/5s[22m

[redraw] screen:[2m0.0/0.1%[22m network:[38;2;179;211;52my[39m timeout:[2m1/5s[22m

[redraw] screen:[2m0.0/0.1%[22m network:[38;2;179;211;52my[39m timeout:[2m3/5s[22m

[redraw] screen:[2m0.0/0.1%[22m network:[38;2;179;211;52my[39m timeout:[2m4/5s[22m

[redraw] screen:[2m0.0/0.1%[22m network:[38;2;179;211;52my[39m timeout:[38;2;179;211;52my[39m
[redraw complete] screen:false network:true timeout:true elapsed:5364ms

[2mchecking...[22m

check-1763517856560

check-1763517856560

check-1763517856560

check-1763517856560
check-1763517856560
check-1763517856560

check-1763517856560

check-1763517856560
check-1763517856560

check-1763517856560
check-1763517856560

check-1763517856560
check-1763517856560

check-1763517856560

check-1763517856560

check-1763517856560
check-1763517856560

check-1763517856560

check-1763517856560
check-1763517856560

check-1763517856560

check-1763517856560
check-1763517856560
check-1763517856560

check-1763517856560

check-1763517856560

check-1763517856560

check-1763517856560
check-1763517856560

check-1763517856560
check-1763517856560

check-1763517856560

check-1763517856560

check-1763517856560
check-1763517856560

check-1763517856560
check-1763517856560

check-1763517856560
check-1763517856560

check-1763517856560
check-1763517856560
check-1763517856560
check-1763517856560

check-1763517856560
check-1763517856560

check-1763517856560
check-1763517856560

check-1763517856560
check-1763517856560

check-1763517856560
check-1763517856560

check-1763517856560
check-1763517856560

check-1763517856560
check-1763517856560
check-1763517856560

check-1763517856560

check-1763517856560
check-1763517856560

check-1763517856560
check-1763517856560

check-1763517856560
check-1763517856560

check-1763517856560
check-1763517856560

check-1763517856560
check-1763517856560

check-1763517856560

check-1763517856560

check-1763517856560
check-1763517856560

check-1763517856560
check-1763517856560

check-1763517856560

check-1763517856560

check-1763517856560
check-1763517856560

check-1763517856560

check-1763517856560

check-1763517856560
check-1763517856560

check-1763517856560
check-1763517856560

check-1763517856560
check-1763517856560

check-1763517856560
check-1763517856560

check-1763517856560
check-1763517856560

check-1763517856560
check-1763517856560

check-1763517856560
check-1763517856560
check-1763517856560

check-1763517856560

check-1763517856560

check-1763517856560

check-1763517856560
check-1763517856560
check-1763517856560

check-1763517856560

check-1763517856560
check-1763517856560

check-1763517856560
check-1763517856560

check-1763517856560

[38;2;52;211;211mcommand[39m=[38;2;179;211;52m&apos;hover-text&apos;[39m [38;2;52;211;211mtext[39m=[38;2;179;211;52m&apos;Sign in&apos;[39m [38;2;52;211;211mdescription[39m=[38;2;179;211;52m&apos;black Sign in button below the password field on the login form&apos;[39m [38;2;52;211;211maction[39m=[38;2;179;211;52m&apos;click&apos;[39m
[2msearching for &quot;Sign in&quot; (black Sign in button below the password field on the login form)...[22m

[2mwaiting for text: &quot;Sign in&quot;...[22m

[2m&quot;Sign in&quot; found![22m

[2mthinking...[22m

[2mclick left clicking at 682, 478...[22m

[redraw] screen:[38;2;179;211;52my[39m network:[38;2;179;211;52my[39m timeout:[2m0/5s[22m
[redraw complete] screen:true network:true timeout:false elapsed:652ms

[2mchecking...[22m

check-1763517871375

check-1763517871375

check-1763517871375
check-1763517871375
check-1763517871375

check-1763517871375

check-1763517871375
check-1763517871375
check-1763517871375

check-1763517871375
check-1763517871375

check-1763517871375
check-1763517871375

check-1763517871375

check-1763517871375
check-1763517871375

check-1763517871375
check-1763517871375
check-1763517871375

check-1763517871375

check-1763517871375
check-1763517871375

check-1763517871375

check-1763517871375

check-1763517871375
check-1763517871375

check-1763517871375
check-1763517871375

check-1763517871375

check-1763517871375

check-1763517871375

check-1763517871375

check-1763517871375
check-1763517871375

check-1763517871375
check-1763517871375

check-1763517871375
check-1763517871375

check-1763517871375
check-1763517871375

check-1763517871375
check-1763517871375

check-1763517871375
check-1763517871375

check-1763517871375
check-1763517871375

check-1763517871375
check-1763517871375

check-1763517871375
check-1763517871375

check-1763517871375
check-1763517871375

check-1763517871375
check-1763517871375
check-1763517871375

check-1763517871375

check-1763517871375
check-1763517871375

check-1763517871375
check-1763517871375

check-1763517871375

check-1763517871375

check-1763517871375
check-1763517871375

check-1763517871375
check-1763517871375

check-1763517871375
check-1763517871375

check-1763517871375
check-1763517871375

check-1763517871375
check-1763517871375
check-1763517871375
check-1763517871375

check-1763517871375

[38;2;179;211;52msuccess![39m

thinking...

The task passed  
The screenshot shows the “TestDriver.ai Sandbox” page title visible.

            </system-out>
        </testcase>
    </testsuite>
</testsuites>
