<?xml version="1.0" encoding="UTF-8" ?>
<testsuites name="vitest tests" tests="1" failures="1" errors="0" time="1179.7957555">
    <testsuite name="testdriver/acceptance-sdk/sully-ai.test.mjs" timestamp="2025-11-29T00:30:01.937Z" hostname="MacBookPro.lan" tests="1" failures="1" errors="0" skipped="0" time="1179.7957555">
        <testcase classname="testdriver/acceptance-sdk/sully-ai.test.mjs" name="Sully.ai Patient Management Workflow &gt; should complete full patient workflow: login, view patients, update note, and edit profile" time="1179.79123">
            <system-out>
[testdriver] Connecting to sandbox...

[2m--`new` flag detected, will create a new sandbox[22m
[2mestablishing connection...[22m

[2mauthenticating...[22m

[2mcreating new sandbox...[22m

[2mconnecting...[22m

renderSandbox {
  sandboxId: [32m&apos;i8bj55uzaxh4rqu6ewxd4&apos;[39m,
  url: [32m&apos;https://6080-i8bj55uzaxh4rqu6ewxd4.e2b.app/vnc_lite.html?autoconnect=true&amp;resize=scale&apos;[39m
}

Live test execution:
http://localhost:50568?data=eyJyZXNvbHV0aW9uIjpbMTM2Niw3NjhdLCJ1cmwiOiJodHRwczovLzYwODAtaThiajU1dXpheGg0cnF1NmV3eGQ0LmUyYi5hcHAvdm5jX2xpdGUuaHRtbD9hdXRvY29ubmVjdD10cnVlJnJlc2l6ZT1zY2FsZSIsInRva2VuIjoiVjNiOHdHOSJ9

Running lifecycle: provision
No currentFilePath found, using fallback: /Users/ianjennings/Development/cli/testdriver/testdriver.yaml

provision run

[testdriver] ✅ Connected to sandbox
[useTestDriver] Console interceptor enabled for task: 367533396_0_0
[2mcalling exec...[22m
touch /tmp/testdriver.log

[testdriver] ✅ Created log file: /tmp/testdriver.log

[provision.chrome] Adding web logs to dashcam...
[2mcalling exec...[22m
npm prefix -g

[2mcalling exec...[22m
TD_API_ROOT=&quot;https://replayable-dev-ian-mac-m1-16.ngrok.io&quot; dashcam logs --add --type=web --pattern=&quot;*app.sully.ai*&quot; --name=&quot;Web Logs&quot;

[provision.chrome] ✅ Web logs added to dashcam (pattern: *app.sully.ai*)
[provision.chrome] Starting dashcam...
[2mcalling exec...[22m
TD_API_ROOT=&quot;https://replayable-dev-ian-mac-m1-16.ngrok.io&quot; dashcam auth 49c2996c-0687-40bf-9f2c-5d2e55b2a2c6

[2mcalling exec...[22m
TD_API_ROOT=&quot;https://replayable-dev-ian-mac-m1-16.ngrok.io&quot; dashcam record &gt;/dev/null 2&gt;&amp;1 &amp;

[2mcalling exec...[22m
touch /tmp/testdriver.log

[2mcalling exec...[22m
TD_API_ROOT=&quot;https://replayable-dev-ian-mac-m1-16.ngrok.io&quot; dashcam logs --add --type=file --file=&quot;/tmp/testdriver.log&quot; --name=&quot;TestDriver Log&quot;

[testdriver] ✅ Added log file to dashcam tracking

[provision.chrome] ✅ Dashcam started
[2mcalling exec...[22m
chrome-for-testing --start-maximized --disable-fre --no-default-browser-check --no-first-run --load-extension=/usr/lib/node_modules/dashcam-chrome/build &quot;https://app.sully.ai&quot; &gt;/dev/null 2&gt;&amp;1 &amp;

[redraw] start() called with options: {&quot;enabled&quot;:true,&quot;screenRedraw&quot;:true,&quot;networkMonitor&quot;:true,&quot;diffThreshold&quot;:0.1}

[redraw] start() - captured startImage: /var/folders/7s/2nhyb0rj2bs_rkswlgqnnhdm0000gn/T/1764375040346.png

[redraw] checkCondition() - comparing images: {
  startImage: [32m&apos;/var/folders/7s/2nhyb0rj2bs_rkswlgqnnhdm0000gn/T/1764375040346.png&apos;[39m,
  nowImage: [32m&apos;/var/folders/7s/2nhyb0rj2bs_rkswlgqnnhdm0000gn/T/1764375041301.png&apos;[39m
}

[redraw] checkCondition() - diffPercent: [33m0[39m threshold: [33m0.1[39m
[redraw] checkCondition() - screenHasRedrawn: [33mfalse[39m
[redraw] screen:[2m0/0.1%[22m network:[38;2;179;211;52my[39m timeout:[2m0/1s[22m

[redraw] checkCondition() - comparing images: {
  startImage: [32m&apos;/var/folders/7s/2nhyb0rj2bs_rkswlgqnnhdm0000gn/T/1764375040346.png&apos;[39m,
  nowImage: [32m&apos;/var/folders/7s/2nhyb0rj2bs_rkswlgqnnhdm0000gn/T/1764375042527.png&apos;[39m
}

[redraw] checkCondition() - diffPercent: [33m0[39m threshold: [33m0.1[39m
[redraw] checkCondition() - screenHasRedrawn: [33mfalse[39m
[redraw] screen:[2m0/0.1%[22m network:[38;2;179;211;52my[39m timeout:[38;2;179;211;52my[39m
[redraw complete] screen:false network:true timeout:true elapsed:1955ms

[provision.chrome] Waiting for domain &quot;app.sully.ai&quot; to appear in URL bar...
[35m🔍[39m [1m[36mFinding[39m[22m [36m&quot;app.sully.ai&quot;[39m

AI Response Text: {&quot;elementType&quot;: &quot;notfound&quot;, &quot;reasoning&quot;: &quot;I examined the screenshot which shows a desktop environment with a blue background, three desktop icons (Trash, File System, Home), a taskbar at the bottom with some application icons, and a white mouse/rat graphic in the center. There is no visible text or element containing &apos;app.sully.ai&apos; anywhere in the screenshot.&quot;}

[35m🔍[39m [1m[36mFinding[39m[22m [36m&quot;app.sully.ai&quot;[39m

AI Response Text: {&quot;elementType&quot;: &quot;text&quot;, &quot;reasoning&quot;: &quot;The text &apos;app.sully.ai&apos; appears in the URL/address bar at the top of the browser window. This is a text element showing the current web address.&quot;}
[35m🔍[39m [1m[32mFound[39m[22m [36m&quot;app.sully.ai&quot;[39m [2m·[22m [2m[90m📍 (180, 78)[39m[22m[2m · [22m[2m⏱️  [31m13477ms[39m[22m

[provision.chrome] ✅ Chrome ready at https://app.sully.ai
[redraw] start() called with options: {&quot;enabled&quot;:true,&quot;screenRedraw&quot;:true,&quot;networkMonitor&quot;:true,&quot;diffThreshold&quot;:0.1}

[redraw] start() - captured startImage: /var/folders/7s/2nhyb0rj2bs_rkswlgqnnhdm0000gn/T/1764375070146.png

[redraw] checkCondition() - comparing images: {
  startImage: [32m&apos;/var/folders/7s/2nhyb0rj2bs_rkswlgqnnhdm0000gn/T/1764375070146.png&apos;[39m,
  nowImage: [32m&apos;/var/folders/7s/2nhyb0rj2bs_rkswlgqnnhdm0000gn/T/1764375071178.png&apos;[39m
}

[redraw] checkCondition() - diffPercent: [33m0[39m threshold: [33m0.1[39m
[redraw] checkCondition() - screenHasRedrawn: [33mfalse[39m
[redraw] screen:[2m0/0.1%[22m network:[38;2;179;211;52my[39m timeout:[2m0/1s[22m

[redraw] checkCondition() - comparing images: {
  startImage: [32m&apos;/var/folders/7s/2nhyb0rj2bs_rkswlgqnnhdm0000gn/T/1764375070146.png&apos;[39m,
  nowImage: [32m&apos;/var/folders/7s/2nhyb0rj2bs_rkswlgqnnhdm0000gn/T/1764375072392.png&apos;[39m
}

[redraw] checkCondition() - diffPercent: [33m0[39m threshold: [33m0.1[39m
[redraw] checkCondition() - screenHasRedrawn: [33mfalse[39m
[redraw] screen:[2m0/0.1%[22m network:[38;2;179;211;52my[39m timeout:[38;2;179;211;52my[39m
[redraw complete] screen:false network:true timeout:true elapsed:2127ms

[35m🔍[39m [1m[36mFinding[39m[22m [36m&quot;Accept All button for cookies&quot;[39m

AI Response Text: {&quot;elementType&quot;: &quot;text&quot;, &quot;reasoning&quot;: &quot;The element &apos;Accept All button for cookies&apos; appears as a blue button with the text &apos;Accept All&apos; in the cookie consent dialog at the bottom left of the screen. This is a text element representing a button label.&quot;}
[35m🔍[39m [1m[32mFound[39m[22m [36m&quot;Accept All button for cookies&quot;[39m [2m·[22m [2m[90m📍 (374, 716)[39m[22m[2m · [22m[2m⏱️  [31m14568ms[39m[22m

[36m👆[39m [1m[36mClick[39m[22m [36m&quot;Accept All button for cookies&quot;[39m
[redraw] start() called with options: {&quot;enabled&quot;:true,&quot;screenRedraw&quot;:true,&quot;networkMonitor&quot;:true,&quot;diffThreshold&quot;:0.1}

[redraw] start() - captured startImage: /var/folders/7s/2nhyb0rj2bs_rkswlgqnnhdm0000gn/T/1764375089121.png

[2mclick left clicking at 374, 716...[22m

[redraw] checkCondition() - comparing images: {
  startImage: [32m&apos;/var/folders/7s/2nhyb0rj2bs_rkswlgqnnhdm0000gn/T/1764375089121.png&apos;[39m,
  nowImage: [32m&apos;/var/folders/7s/2nhyb0rj2bs_rkswlgqnnhdm0000gn/T/1764375092878.png&apos;[39m
}

[redraw] checkCondition() - diffPercent: [33m1.33[39m threshold: [33m0.1[39m
[redraw] checkCondition() - screenHasRedrawn: [33mtrue[39m
[redraw] screen:[38;2;179;211;52my[39m network:[38;2;179;211;52my[39m timeout:[2m0/5s[22m
[redraw complete] screen:true network:true timeout:false elapsed:666ms

Waiting for login page to load...
[35m🔍[39m [1m[36mFinding[39m[22m [36m&quot;Email input field&quot;[39m

AI Response Text: {&quot;elementType&quot;: &quot;image&quot;, &quot;reasoning&quot;: &quot;The email input field is a text input box where users can type their email address. It appears below the &apos;Email&apos; label and above the &apos;Password&apos; field in the login form. It has a light gray background with an envelope icon on the left side.&quot;}
[35m🔍[39m [1m[32mFound[39m[22m [36m&quot;Email input field&quot;[39m [2m·[22m [2m[90m📍 (680, 523)[39m[22m[2m · [22m[2m⏱️  [31m11805ms[39m[22m

Found email field
[36m👆[39m [1m[36mClick[39m[22m [36m&quot;Email input field&quot;[39m
[redraw] start() called with options: {&quot;enabled&quot;:true,&quot;screenRedraw&quot;:true,&quot;networkMonitor&quot;:true,&quot;diffThreshold&quot;:0.1}

[redraw] start() - captured startImage: /var/folders/7s/2nhyb0rj2bs_rkswlgqnnhdm0000gn/T/1764375105452.png

[2mclick left clicking at 680, 523...[22m

[redraw] checkCondition() - comparing images: {
  startImage: [32m&apos;/var/folders/7s/2nhyb0rj2bs_rkswlgqnnhdm0000gn/T/1764375105452.png&apos;[39m,
  nowImage: [32m&apos;/var/folders/7s/2nhyb0rj2bs_rkswlgqnnhdm0000gn/T/1764375109502.png&apos;[39m
}

[redraw] checkCondition() - diffPercent: [33m0.26[39m threshold: [33m0.1[39m
[redraw] checkCondition() - screenHasRedrawn: [33mtrue[39m
[redraw] screen:[38;2;179;211;52my[39m network:[38;2;179;211;52my[39m timeout:[2m1/5s[22m
[redraw complete] screen:true network:true timeout:false elapsed:1611ms

[2mtyping &quot;razeen+testdriver@sully.ai&quot;...[22m
[redraw] start() called with options: {&quot;enabled&quot;:true,&quot;screenRedraw&quot;:true,&quot;networkMonitor&quot;:true,&quot;diffThreshold&quot;:0.1}

[redraw] start() - captured startImage: /var/folders/7s/2nhyb0rj2bs_rkswlgqnnhdm0000gn/T/1764375111124.png

[redraw] checkCondition() - comparing images: {
  startImage: [32m&apos;/var/folders/7s/2nhyb0rj2bs_rkswlgqnnhdm0000gn/T/1764375111124.png&apos;[39m,
  nowImage: [32m&apos;/var/folders/7s/2nhyb0rj2bs_rkswlgqnnhdm0000gn/T/1764375114321.png&apos;[39m
}

[redraw] checkCondition() - diffPercent: [33m0.07[39m threshold: [33m0.1[39m
[redraw] checkCondition() - screenHasRedrawn: [33mfalse[39m
[redraw] screen:[2m0.07/0.1%[22m network:[38;2;179;211;52my[39m timeout:[2m1/5s[22m

[redraw] checkCondition() - comparing images: {
  startImage: [32m&apos;/var/folders/7s/2nhyb0rj2bs_rkswlgqnnhdm0000gn/T/1764375111124.png&apos;[39m,
  nowImage: [32m&apos;/var/folders/7s/2nhyb0rj2bs_rkswlgqnnhdm0000gn/T/1764375115934.png&apos;[39m
}

[redraw] checkCondition() - diffPercent: [33m0.11[39m threshold: [33m0.1[39m
[redraw] checkCondition() - screenHasRedrawn: [33mtrue[39m
[redraw] screen:[38;2;179;211;52my[39m network:[38;2;179;211;52my[39m timeout:[2m2/5s[22m
[redraw complete] screen:true network:true timeout:false elapsed:2248ms

[35m🔍[39m [1m[36mFinding[39m[22m [36m&quot;Password input field&quot;[39m

AI Response Text: {&quot;elementType&quot;: &quot;image&quot;, &quot;reasoning&quot;: &quot;The password input field is a form element (textbox) located below the Email field on the Sully.ai login page. It has placeholder text &apos;Password&apos; and an eye icon for toggling password visibility.&quot;}
[35m🔍[39m [1m[32mFound[39m[22m [36m&quot;Password input field&quot;[39m [2m·[22m [2m[90m📍 (680, 616)[39m[22m[2m · [22m[2m⏱️  [31m14312ms[39m[22m

[36m👆[39m [1m[36mClick[39m[22m [36m&quot;Password input field&quot;[39m
[redraw] start() called with options: {&quot;enabled&quot;:true,&quot;screenRedraw&quot;:true,&quot;networkMonitor&quot;:true,&quot;diffThreshold&quot;:0.1}

[redraw] start() - captured startImage: /var/folders/7s/2nhyb0rj2bs_rkswlgqnnhdm0000gn/T/1764375130996.png

[2mclick left clicking at 680, 616...[22m

[redraw] checkCondition() - comparing images: {
  startImage: [32m&apos;/var/folders/7s/2nhyb0rj2bs_rkswlgqnnhdm0000gn/T/1764375130996.png&apos;[39m,
  nowImage: [32m&apos;/var/folders/7s/2nhyb0rj2bs_rkswlgqnnhdm0000gn/T/1764375134731.png&apos;[39m
}

[redraw] checkCondition() - diffPercent: [33m0.57[39m threshold: [33m0.1[39m
[redraw] checkCondition() - screenHasRedrawn: [33mtrue[39m
[redraw] screen:[38;2;179;211;52my[39m network:[38;2;179;211;52my[39m timeout:[2m0/5s[22m
[redraw complete] screen:true network:true timeout:false elapsed:666ms

[2mtyping secret &quot;****&quot;...[22m
[redraw] start() called with options: {&quot;enabled&quot;:true,&quot;screenRedraw&quot;:true,&quot;networkMonitor&quot;:true,&quot;diffThreshold&quot;:0.1}

[redraw] start() - captured startImage: /var/folders/7s/2nhyb0rj2bs_rkswlgqnnhdm0000gn/T/1764375135406.png

[redraw] checkCondition() - comparing images: {
  startImage: [32m&apos;/var/folders/7s/2nhyb0rj2bs_rkswlgqnnhdm0000gn/T/1764375135406.png&apos;[39m,
  nowImage: [32m&apos;/var/folders/7s/2nhyb0rj2bs_rkswlgqnnhdm0000gn/T/1764375136647.png&apos;[39m
}

[redraw] checkCondition() - diffPercent: [33m0.02[39m threshold: [33m0.1[39m
[redraw] checkCondition() - screenHasRedrawn: [33mfalse[39m
[redraw] screen:[2m0.02/0.1%[22m network:[38;2;179;211;52my[39m timeout:[2m0/5s[22m

[redraw] checkCondition() - comparing images: {
  startImage: [32m&apos;/var/folders/7s/2nhyb0rj2bs_rkswlgqnnhdm0000gn/T/1764375135406.png&apos;[39m,
  nowImage: [32m&apos;/var/folders/7s/2nhyb0rj2bs_rkswlgqnnhdm0000gn/T/1764375137807.png&apos;[39m
}

[redraw] checkCondition() - diffPercent: [33m0.02[39m threshold: [33m0.1[39m
[redraw] checkCondition() - screenHasRedrawn: [33mfalse[39m
[redraw] screen:[2m0.02/0.1%[22m network:[38;2;179;211;52my[39m timeout:[2m1/5s[22m

[redraw] checkCondition() - comparing images: {
  startImage: [32m&apos;/var/folders/7s/2nhyb0rj2bs_rkswlgqnnhdm0000gn/T/1764375135406.png&apos;[39m,
  nowImage: [32m&apos;/var/folders/7s/2nhyb0rj2bs_rkswlgqnnhdm0000gn/T/1764375138974.png&apos;[39m
}

[redraw] checkCondition() - diffPercent: [33m0.02[39m threshold: [33m0.1[39m
[redraw] checkCondition() - screenHasRedrawn: [33mfalse[39m
[redraw] screen:[2m0.02/0.1%[22m network:[38;2;179;211;52my[39m timeout:[2m3/5s[22m

[redraw] checkCondition() - comparing images: {
  startImage: [32m&apos;/var/folders/7s/2nhyb0rj2bs_rkswlgqnnhdm0000gn/T/1764375135406.png&apos;[39m,
  nowImage: [32m&apos;/var/folders/7s/2nhyb0rj2bs_rkswlgqnnhdm0000gn/T/1764375140316.png&apos;[39m
}

[redraw] checkCondition() - diffPercent: [33m0.02[39m threshold: [33m0.1[39m
[redraw] checkCondition() - screenHasRedrawn: [33mfalse[39m
[redraw] screen:[2m0.02/0.1%[22m network:[38;2;179;211;52my[39m timeout:[2m4/5s[22m

[redraw] checkCondition() - comparing images: {
  startImage: [32m&apos;/var/folders/7s/2nhyb0rj2bs_rkswlgqnnhdm0000gn/T/1764375135406.png&apos;[39m,
  nowImage: [32m&apos;/var/folders/7s/2nhyb0rj2bs_rkswlgqnnhdm0000gn/T/1764375141423.png&apos;[39m
}

[redraw] checkCondition() - diffPercent: [33m0.02[39m threshold: [33m0.1[39m
[redraw] checkCondition() - screenHasRedrawn: [33mfalse[39m
[redraw] screen:[2m0.02/0.1%[22m network:[38;2;179;211;52my[39m timeout:[38;2;179;211;52my[39m
[redraw complete] screen:false network:true timeout:true elapsed:5373ms

[35m🔍[39m [1m[36mFinding[39m[22m [36m&quot;Login button&quot;[39m

AI Response Text: {&quot;elementType&quot;: &quot;text&quot;, &quot;reasoning&quot;: &quot;The &apos;Login&apos; button appears as a blue button with white text at the bottom of the login form, below the password field and &apos;Forgot Password?&apos; link.&quot;}
[35m🔍[39m [1m[32mFound[39m[22m [36m&quot;Login button&quot;[39m [2m·[22m [2m[90m📍 (680, 710)[39m[22m[2m · [22m[2m⏱️  [31m12579ms[39m[22m

[36m👆[39m [1m[36mClick[39m[22m [36m&quot;Login button&quot;[39m
[redraw] start() called with options: {&quot;enabled&quot;:true,&quot;screenRedraw&quot;:true,&quot;networkMonitor&quot;:true,&quot;diffThreshold&quot;:0.1}

[redraw] start() - captured startImage: /var/folders/7s/2nhyb0rj2bs_rkswlgqnnhdm0000gn/T/1764375154715.png

[2mclick left clicking at 680, 710...[22m

[redraw] checkCondition() - comparing images: {
  startImage: [32m&apos;/var/folders/7s/2nhyb0rj2bs_rkswlgqnnhdm0000gn/T/1764375154715.png&apos;[39m,
  nowImage: [32m&apos;/var/folders/7s/2nhyb0rj2bs_rkswlgqnnhdm0000gn/T/1764375158454.png&apos;[39m
}

[redraw] checkCondition() - diffPercent: [33m0.3[39m threshold: [33m0.1[39m
[redraw] checkCondition() - screenHasRedrawn: [33mtrue[39m
[redraw] screen:[38;2;179;211;52my[39m network:[38;2;179;211;52my[39m timeout:[2m0/5s[22m
[redraw complete] screen:true network:true timeout:false elapsed:729ms

Waiting for login to process...

Screenshot taken after login
[32m✅[39m [1m[36mAsserting[39m[22m [36m&quot;user is logged in and on the main application page or dashboard&quot;[39m
thinking...

The task passed  
The screenshot shows the user “razeen+testdriver@sully.ai” greeted on the Sully AI home/dashboard page, indicating they’re logged in and on the main application page.

Looking for Patients link...
[35m🔍[39m [1m[36mFinding[39m[22m [36m&quot;Patients button or link in the navigation menu&quot;[39m

AI Response Text: {&quot;elementType&quot;: &quot;text&quot;, &quot;reasoning&quot;: &quot;The element &apos;Patients&apos; appears in the left navigation menu as a text link/button, visible below the &apos;Home&apos; menu item and above &apos;Visits&apos;. It has a small icon next to it but the clickable text label &apos;Patients&apos; is clearly visible.&quot;}
[35m🔍[39m [1m[32mFound[39m[22m [36m&quot;Patients button or link in the navigation menu&quot;[39m [2m·[22m [2m[90m📍 (59, 373)[39m[22m[2m · [22m[2m⏱️  [31m13316ms[39m[22m

[35m🔍[39m [1m[36mFinding[39m[22m [36m&quot;Never button or Never save button&quot;[39m

AI Response Text: {&quot;elementType&quot;: &quot;text&quot;, &quot;reasoning&quot;: &quot;The &apos;Never&apos; button appears in the password save dialog box at the top right of the screen. It is a text button label that allows users to decline saving the password.&quot;}
[35m🔍[39m [1m[32mFound[39m[22m [36m&quot;Never button or Never save button&quot;[39m [2m·[22m [2m[90m📍 (1046, 385)[39m[22m[2m · [22m[2m⏱️  [31m12785ms[39m[22m

[36m👆[39m [1m[36mClick[39m[22m [36m&quot;Never button or Never save button&quot;[39m
[redraw] start() called with options: {&quot;enabled&quot;:true,&quot;screenRedraw&quot;:true,&quot;networkMonitor&quot;:true,&quot;diffThreshold&quot;:0.1}

[redraw] start() - captured startImage: /var/folders/7s/2nhyb0rj2bs_rkswlgqnnhdm0000gn/T/1764375194895.png

[2mclick left clicking at 1046, 385...[22m

[redraw] checkCondition() - comparing images: {
  startImage: [32m&apos;/var/folders/7s/2nhyb0rj2bs_rkswlgqnnhdm0000gn/T/1764375194895.png&apos;[39m,
  nowImage: [32m&apos;/var/folders/7s/2nhyb0rj2bs_rkswlgqnnhdm0000gn/T/1764375198646.png&apos;[39m
}

[redraw] checkCondition() - diffPercent: [33m7.36[39m threshold: [33m0.1[39m
[redraw] checkCondition() - screenHasRedrawn: [33mtrue[39m
[redraw] screen:[38;2;179;211;52my[39m network:[38;2;179;211;52my[39m timeout:[2m0/5s[22m
[redraw complete] screen:true network:true timeout:false elapsed:697ms

Dismissed password save dialog
[35m🔍[39m [1m[36mFinding[39m[22m [36m&quot;save profile changes popup or banner&quot;[39m

AI Response Text: {&quot;elementType&quot;: &quot;text&quot;, &quot;reasoning&quot;: &quot;The element &apos;Save Profile Changes&apos; appears as a button label in the Edit Profile dialog box, located at the bottom right of the popup next to a &apos;Cancel&apos; button. It is text on a blue button that users can click to save their profile modifications.&quot;}
[35m🔍[39m [1m[32mFound[39m[22m [36m&quot;save profile changes popup or banner&quot;[39m [2m·[22m [2m[90m📍 (872, 608)[39m[22m[2m · [22m[2m⏱️  [31m13145ms[39m[22m

[36m👆[39m [1m[36mClick[39m[22m [36m&quot;save profile changes popup or banner&quot;[39m
[redraw] start() called with options: {&quot;enabled&quot;:true,&quot;screenRedraw&quot;:true,&quot;networkMonitor&quot;:true,&quot;diffThreshold&quot;:0.1}

[redraw] start() - captured startImage: /var/folders/7s/2nhyb0rj2bs_rkswlgqnnhdm0000gn/T/1764375212600.png

[2mclick left clicking at 872, 608...[22m

[redraw] checkCondition() - comparing images: {
  startImage: [32m&apos;/var/folders/7s/2nhyb0rj2bs_rkswlgqnnhdm0000gn/T/1764375212600.png&apos;[39m,
  nowImage: [32m&apos;/var/folders/7s/2nhyb0rj2bs_rkswlgqnnhdm0000gn/T/1764375216334.png&apos;[39m
}

[redraw] checkCondition() - diffPercent: [33m58.41[39m threshold: [33m0.1[39m
[redraw] checkCondition() - screenHasRedrawn: [33mtrue[39m
[redraw] screen:[38;2;179;211;52my[39m network:[38;2;179;211;52my[39m timeout:[2m0/5s[22m
[redraw complete] screen:true network:true timeout:false elapsed:853ms

[35m🔍[39m [1m[36mFinding[39m[22m [36m&quot;Patients navigation link or menu item&quot;[39m

AI Response Text: {&quot;elementType&quot;: &quot;text&quot;, &quot;reasoning&quot;: &quot;The element &apos;Patients&apos; appears as a navigation menu item in the left sidebar. It is text content that serves as a clickable link or menu item for navigation purposes.&quot;}
[35m🔍[39m [1m[32mFound[39m[22m [36m&quot;Patients navigation link or menu item&quot;[39m [2m·[22m [2m[90m📍 (59, 373)[39m[22m[2m · [22m[2m⏱️  [31m13182ms[39m[22m

[36m👆[39m [1m[36mClick[39m[22m [36m&quot;Patients navigation link or menu item&quot;[39m
[redraw] start() called with options: {&quot;enabled&quot;:true,&quot;screenRedraw&quot;:true,&quot;networkMonitor&quot;:true,&quot;diffThreshold&quot;:0.1}

[redraw] start() - captured startImage: /var/folders/7s/2nhyb0rj2bs_rkswlgqnnhdm0000gn/T/1764375230479.png

[2mclick left clicking at 59, 373...[22m

[redraw] checkCondition() - comparing images: {
  startImage: [32m&apos;/var/folders/7s/2nhyb0rj2bs_rkswlgqnnhdm0000gn/T/1764375230479.png&apos;[39m,
  nowImage: [32m&apos;/var/folders/7s/2nhyb0rj2bs_rkswlgqnnhdm0000gn/T/1764375234214.png&apos;[39m
}

[redraw] checkCondition() - diffPercent: [33m3.51[39m threshold: [33m0.1[39m
[redraw] checkCondition() - screenHasRedrawn: [33mtrue[39m
[redraw] screen:[38;2;179;211;52my[39m network:[38;2;179;211;52my[39m timeout:[2m0/5s[22m
[redraw complete] screen:true network:true timeout:false elapsed:715ms

[35m🔍[39m [1m[36mFinding[39m[22m [36m&quot;Patient search input box&quot;[39m

AI Response Text: {&quot;elementType&quot;: &quot;text&quot;, &quot;reasoning&quot;: &quot;The element &apos;Patient search input box&apos; appears in the screenshot as a text input field with placeholder text &apos;Search for patients...&apos; located below the &apos;All Patients (10)&apos; heading. This is a text-based interactive element where users can type search queries.&quot;}
[35m🔍[39m [1m[32mFound[39m[22m [36m&quot;Patient search input box&quot;[39m [2m·[22m [2m[90m📍 (703, 343)[39m[22m[2m · [22m[2m⏱️  [31m13320ms[39m[22m

[36m👆[39m [1m[36mClick[39m[22m [36m&quot;Patient search input box&quot;[39m
[redraw] start() called with options: {&quot;enabled&quot;:true,&quot;screenRedraw&quot;:true,&quot;networkMonitor&quot;:true,&quot;diffThreshold&quot;:0.1}

[redraw] start() - captured startImage: /var/folders/7s/2nhyb0rj2bs_rkswlgqnnhdm0000gn/T/1764375248512.png

[2mclick left clicking at 703, 343...[22m

[redraw] checkCondition() - comparing images: {
  startImage: [32m&apos;/var/folders/7s/2nhyb0rj2bs_rkswlgqnnhdm0000gn/T/1764375248512.png&apos;[39m,
  nowImage: [32m&apos;/var/folders/7s/2nhyb0rj2bs_rkswlgqnnhdm0000gn/T/1764375252397.png&apos;[39m
}

[redraw] checkCondition() - diffPercent: [33m0.74[39m threshold: [33m0.1[39m
[redraw] checkCondition() - screenHasRedrawn: [33mtrue[39m
[redraw] screen:[38;2;179;211;52my[39m network:[38;2;179;211;52my[39m timeout:[2m0/5s[22m
[redraw complete] screen:true network:true timeout:false elapsed:739ms

[2mtyping &quot;Patient Test&quot;...[22m
[redraw] start() called with options: {&quot;enabled&quot;:true,&quot;screenRedraw&quot;:true,&quot;networkMonitor&quot;:true,&quot;diffThreshold&quot;:0.1}

[redraw] start() - captured startImage: /var/folders/7s/2nhyb0rj2bs_rkswlgqnnhdm0000gn/T/1764375253161.png

[redraw] checkCondition() - comparing images: {
  startImage: [32m&apos;/var/folders/7s/2nhyb0rj2bs_rkswlgqnnhdm0000gn/T/1764375253161.png&apos;[39m,
  nowImage: [32m&apos;/var/folders/7s/2nhyb0rj2bs_rkswlgqnnhdm0000gn/T/1764375254557.png&apos;[39m
}

[redraw] checkCondition() - diffPercent: [33m0.52[39m threshold: [33m0.1[39m
[redraw] checkCondition() - screenHasRedrawn: [33mtrue[39m
[redraw] screen:[38;2;179;211;52my[39m network:[38;2;179;211;52my[39m timeout:[2m0/5s[22m
[redraw complete] screen:true network:true timeout:false elapsed:643ms

[35m🔍[39m [1m[36mFinding[39m[22m [36m&quot;first patient name in the dropdown or list&quot;[39m

AI Response Text: {&quot;elementType&quot;: &quot;text&quot;, &quot;reasoning&quot;: &quot;Looking at the screenshot, I can see a patient list interface. Under the &apos;Previous 30 days&apos; section, there is one patient entry visible with &apos;PT&apos; as an abbreviation and &apos;Patient Test&apos; as the name. This appears to be the first (and only) patient name shown in the list.&quot;}
[35m🔍[39m [1m[32mFound[39m[22m [36m&quot;first patient name in the dropdown or list&quot;[39m [2m·[22m [2m[90m📍 (303, 496)[39m[22m[2m · [22m[2m⏱️  [31m14861ms[39m[22m

[36m👆[39m [1m[36mClick[39m[22m [36m&quot;first patient name in the dropdown or list&quot;[39m
[redraw] start() called with options: {&quot;enabled&quot;:true,&quot;screenRedraw&quot;:true,&quot;networkMonitor&quot;:true,&quot;diffThreshold&quot;:0.1}

[redraw] start() - captured startImage: /var/folders/7s/2nhyb0rj2bs_rkswlgqnnhdm0000gn/T/1764375270184.png

[2mclick left clicking at 303, 496...[22m

[redraw] checkCondition() - comparing images: {
  startImage: [32m&apos;/var/folders/7s/2nhyb0rj2bs_rkswlgqnnhdm0000gn/T/1764375270184.png&apos;[39m,
  nowImage: [32m&apos;/var/folders/7s/2nhyb0rj2bs_rkswlgqnnhdm0000gn/T/1764375273941.png&apos;[39m
}

[redraw] checkCondition() - diffPercent: [33m2.28[39m threshold: [33m0.1[39m
[redraw] checkCondition() - screenHasRedrawn: [33mtrue[39m
[redraw] screen:[38;2;179;211;52my[39m network:[38;2;179;211;52my[39m timeout:[2m0/5s[22m
[redraw complete] screen:true network:true timeout:false elapsed:727ms

Found patient via search
[32m✅[39m [1m[36mAsserting[39m[22m [36m&quot;we are on a patient recording page&quot;[39m
thinking...

The task passed  
The URL and page header indicate we are on the patient recordings page.

[35m🔍[39m [1m[36mFinding[39m[22m [36m&quot;input box at the bottom of the screen&quot;[39m

AI Response Text: {&quot;elementType&quot;: &quot;text&quot;, &quot;reasoning&quot;: &quot;The element at the bottom of the screen is a text input box with placeholder text &apos;Add more details&apos; and two buttons labeled &apos;Make Concise&apos; and &apos;Ask Sully&apos;. This is a text-based element serving as an input field.&quot;}
[35m🔍[39m [1m[32mFound[39m[22m [36m&quot;input box at the bottom of the screen&quot;[39m [2m·[22m [2m[90m📍 (807, 699)[39m[22m[2m · [22m[2m⏱️  [31m14186ms[39m[22m

[36m👆[39m [1m[36mClick[39m[22m [36m&quot;input box at the bottom of the screen&quot;[39m
[redraw] start() called with options: {&quot;enabled&quot;:true,&quot;screenRedraw&quot;:true,&quot;networkMonitor&quot;:true,&quot;diffThreshold&quot;:0.1}

[redraw] start() - captured startImage: /var/folders/7s/2nhyb0rj2bs_rkswlgqnnhdm0000gn/T/1764375293323.png

[2mclick left clicking at 807, 699...[22m

[redraw] checkCondition() - comparing images: {
  startImage: [32m&apos;/var/folders/7s/2nhyb0rj2bs_rkswlgqnnhdm0000gn/T/1764375293323.png&apos;[39m,
  nowImage: [32m&apos;/var/folders/7s/2nhyb0rj2bs_rkswlgqnnhdm0000gn/T/1764375297003.png&apos;[39m
}

[redraw] checkCondition() - diffPercent: [33m0.28[39m threshold: [33m0.1[39m
[redraw] checkCondition() - screenHasRedrawn: [33mtrue[39m
[redraw] screen:[38;2;179;211;52my[39m network:[38;2;179;211;52my[39m timeout:[2m0/5s[22m
[redraw complete] screen:true network:true timeout:false elapsed:661ms

[2mtyping &quot;This is a test note added by TestDriver automation.&quot;...[22m
[redraw] start() called with options: {&quot;enabled&quot;:true,&quot;screenRedraw&quot;:true,&quot;networkMonitor&quot;:true,&quot;diffThreshold&quot;:0.1}

[redraw] start() - captured startImage: /var/folders/7s/2nhyb0rj2bs_rkswlgqnnhdm0000gn/T/1764375297673.png

[redraw] checkCondition() - comparing images: {
  startImage: [32m&apos;/var/folders/7s/2nhyb0rj2bs_rkswlgqnnhdm0000gn/T/1764375297673.png&apos;[39m,
  nowImage: [32m&apos;/var/folders/7s/2nhyb0rj2bs_rkswlgqnnhdm0000gn/T/1764375300682.png&apos;[39m
}

[redraw] checkCondition() - diffPercent: [33m0.24[39m threshold: [33m0.1[39m
[redraw] checkCondition() - screenHasRedrawn: [33mtrue[39m
[redraw] screen:[38;2;179;211;52my[39m network:[38;2;179;211;52my[39m timeout:[2m0/5s[22m
[redraw complete] screen:true network:true timeout:false elapsed:655ms

Looking for note regeneration option...
[35m🔍[39m [1m[36mFinding[39m[22m [36m&quot;Make note more concise button or option&quot;[39m

AI Response Text: {&quot;elementType&quot;: &quot;text&quot;, &quot;reasoning&quot;: &quot;The element &apos;Make Concise&apos; appears as a button text/label in the bottom portion of the screenshot, within a blue-bordered notification box that mentions &apos;This is a test note added by TestDriver automation.&apos; It is a clickable text button option.&quot;}
[35m🔍[39m [1m[32mFound[39m[22m [36m&quot;Make note more concise button or option&quot;[39m [2m·[22m [2m[90m📍 (605, 739)[39m[22m[2m · [22m[2m⏱️  [31m15079ms[39m[22m

[36m👆[39m [1m[36mClick[39m[22m [36m&quot;Make note more concise button or option&quot;[39m
[redraw] start() called with options: {&quot;enabled&quot;:true,&quot;screenRedraw&quot;:true,&quot;networkMonitor&quot;:true,&quot;diffThreshold&quot;:0.1}

[redraw] start() - captured startImage: /var/folders/7s/2nhyb0rj2bs_rkswlgqnnhdm0000gn/T/1764375316514.png

[2mclick left clicking at 605, 739...[22m

[redraw] checkCondition() - comparing images: {
  startImage: [32m&apos;/var/folders/7s/2nhyb0rj2bs_rkswlgqnnhdm0000gn/T/1764375316514.png&apos;[39m,
  nowImage: [32m&apos;/var/folders/7s/2nhyb0rj2bs_rkswlgqnnhdm0000gn/T/1764375320207.png&apos;[39m
}

[redraw] checkCondition() - diffPercent: [33m63.97[39m threshold: [33m0.1[39m
[redraw] checkCondition() - screenHasRedrawn: [33mtrue[39m
[redraw] screen:[38;2;179;211;52my[39m network:[38;2;179;211;52my[39m timeout:[2m0/5s[22m
[redraw complete] screen:true network:true timeout:false elapsed:703ms

Clicked make note more concise

[32m✅[39m [1m[36mAsserting[39m[22m [36m&quot;note has been regenerated or updated&quot;[39m
thinking...

Could not find or click make note more concise option
Looking for kebab menu on the right...
[35m🔍[39m [1m[36mFinding[39m[22m [36m&quot;three dots menu or kebab menu on the right side of the page&quot;[39m

[testdriver] Cleaning up TestDriver client...
[2mcalling exec...[22m
npm prefix -g

            </system-out>
            <system-err>
[chrome preset] DEPRECATED: Use TestDriver() + testdriver.provision.chrome() instead

error:sandbox : { name: [32m&apos;NotFoundError&apos;[39m }

error:sandbox : { name: [32m&apos;NotFoundError&apos;[39m }

error:sandbox : { name: [32m&apos;NotFoundError&apos;[39m }
error:sandbox : { name: [32m&apos;NotFoundError&apos;[39m }

error:sandbox : { name: [32m&apos;NotFoundError&apos;[39m }

error:sandbox : { name: [32m&apos;NotFoundError&apos;[39m }
error:sandbox : { name: [32m&apos;NotFoundError&apos;[39m }

error:sandbox : { name: [32m&apos;NotFoundError&apos;[39m }

error:sandbox : { name: [32m&apos;NotFoundError&apos;[39m }

error:sandbox : { name: [32m&apos;NotFoundError&apos;[39m }

error:sandbox : { name: [32m&apos;NotFoundError&apos;[39m }

error:sandbox : { name: [32m&apos;NotFoundError&apos;[39m }

error:sandbox : { name: [32m&apos;NotFoundError&apos;[39m }

error:sandbox : { name: [32m&apos;NotFoundError&apos;[39m }

error:sandbox : { name: [32m&apos;NotFoundError&apos;[39m }

error:sandbox : { name: [32m&apos;NotFoundError&apos;[39m }

error:sandbox : { name: [32m&apos;NotFoundError&apos;[39m }

error:sandbox : { name: [32m&apos;NotFoundError&apos;[39m }
error:sandbox : { name: [32m&apos;NotFoundError&apos;[39m }

error:sandbox : { name: [32m&apos;NotFoundError&apos;[39m }

error:sandbox : { name: [32m&apos;NotFoundError&apos;[39m }

error:sandbox : { name: [32m&apos;NotFoundError&apos;[39m }

error:sandbox : { name: [32m&apos;NotFoundError&apos;[39m }

error:sandbox : { name: [32m&apos;NotFoundError&apos;[39m }

error:sandbox : { name: [32m&apos;NotFoundError&apos;[39m }

error:sandbox : { name: [32m&apos;NotFoundError&apos;[39m }
error:sandbox : { name: [32m&apos;NotFoundError&apos;[39m }
error:sandbox : { name: [32m&apos;NotFoundError&apos;[39m }

error:sandbox : { name: [32m&apos;NotFoundError&apos;[39m }

error:sandbox : { name: [32m&apos;NotFoundError&apos;[39m }
error:sandbox : { name: [32m&apos;NotFoundError&apos;[39m }
error:sandbox : { name: [32m&apos;NotFoundError&apos;[39m }

error:sandbox : { name: [32m&apos;NotFoundError&apos;[39m }

error:sandbox : { name: [32m&apos;NotFoundError&apos;[39m }
error:sandbox : { name: [32m&apos;NotFoundError&apos;[39m }

error:sandbox : { name: [32m&apos;NotFoundError&apos;[39m }

error:sandbox : { name: [32m&apos;NotFoundError&apos;[39m }

error:sandbox : { name: [32m&apos;NotFoundError&apos;[39m }

error:sandbox : { name: [32m&apos;NotFoundError&apos;[39m }

error:sandbox : { name: [32m&apos;NotFoundError&apos;[39m }

error:sandbox : { name: [32m&apos;NotFoundError&apos;[39m }

error:sandbox : { name: [32m&apos;NotFoundError&apos;[39m }

error:sandbox : { name: [32m&apos;NotFoundError&apos;[39m }

error:sandbox : { name: [32m&apos;NotFoundError&apos;[39m }

error:sandbox : { name: [32m&apos;NotFoundError&apos;[39m }

error:sandbox : { name: [32m&apos;NotFoundError&apos;[39m }

error:sandbox : { name: [32m&apos;NotFoundError&apos;[39m }

error:sandbox : { name: [32m&apos;NotFoundError&apos;[39m }

error:sandbox : { name: [32m&apos;NotFoundError&apos;[39m }

error:sandbox : { name: [32m&apos;NotFoundError&apos;[39m }

error:sandbox : { name: [32m&apos;NotFoundError&apos;[39m }

error:sandbox : { name: [32m&apos;NotFoundError&apos;[39m }

error:sandbox : { name: [32m&apos;NotFoundError&apos;[39m }

error:sandbox : { name: [32m&apos;NotFoundError&apos;[39m }

error:sandbox : { name: [32m&apos;NotFoundError&apos;[39m }
error:sandbox : { name: [32m&apos;NotFoundError&apos;[39m }

error:sandbox : { name: [32m&apos;NotFoundError&apos;[39m }

error:sandbox : { name: [32m&apos;NotFoundError&apos;[39m }

error:sandbox : { name: [32m&apos;NotFoundError&apos;[39m }

error:sandbox : { name: [32m&apos;NotFoundError&apos;[39m }

error:sandbox : { name: [32m&apos;NotFoundError&apos;[39m }

error:sandbox : { name: [32m&apos;NotFoundError&apos;[39m }

error:sandbox : { name: [32m&apos;NotFoundError&apos;[39m }

error:sandbox : { name: [32m&apos;NotFoundError&apos;[39m }
error:sandbox : { name: [32m&apos;NotFoundError&apos;[39m }

error:sandbox : { name: [32m&apos;NotFoundError&apos;[39m }

error:sandbox : { name: [32m&apos;NotFoundError&apos;[39m }

error:sandbox : { name: [32m&apos;NotFoundError&apos;[39m }

error:sandbox : { name: [32m&apos;NotFoundError&apos;[39m }

error:sandbox : { name: [32m&apos;NotFoundError&apos;[39m }

error:sandbox : { name: [32m&apos;NotFoundError&apos;[39m }

error:sandbox : { name: [32m&apos;NotFoundError&apos;[39m }

error:sandbox : { name: [32m&apos;NotFoundError&apos;[39m }

error:sandbox : { name: [32m&apos;NotFoundError&apos;[39m }
error:sandbox : { name: [32m&apos;NotFoundError&apos;[39m }

error:sandbox : { name: [32m&apos;NotFoundError&apos;[39m }

error:sandbox : { name: [32m&apos;NotFoundError&apos;[39m }

error:sandbox : { name: [32m&apos;NotFoundError&apos;[39m }

error:sandbox : { name: [32m&apos;NotFoundError&apos;[39m }

error:sandbox : { name: [32m&apos;NotFoundError&apos;[39m }

error:sandbox : { name: [32m&apos;NotFoundError&apos;[39m }

error:sandbox : { name: [32m&apos;NotFoundError&apos;[39m }

error:sandbox : { name: [32m&apos;NotFoundError&apos;[39m }

error:sandbox : { name: [32m&apos;NotFoundError&apos;[39m }
error:sandbox : { name: [32m&apos;NotFoundError&apos;[39m }

error:sandbox : { name: [32m&apos;NotFoundError&apos;[39m }

error:sandbox : { name: [32m&apos;NotFoundError&apos;[39m }

error:sandbox : { name: [32m&apos;NotFoundError&apos;[39m }

error:sandbox : { name: [32m&apos;NotFoundError&apos;[39m }

error:sandbox : { name: [32m&apos;NotFoundError&apos;[39m }
error:sandbox : { name: [32m&apos;NotFoundError&apos;[39m }

error:sandbox : { name: [32m&apos;NotFoundError&apos;[39m }

error:sandbox : { name: [32m&apos;NotFoundError&apos;[39m }

error:sandbox : { name: [32m&apos;NotFoundError&apos;[39m }

error:sandbox : { name: [32m&apos;NotFoundError&apos;[39m }

error:sandbox : { name: [32m&apos;NotFoundError&apos;[39m }

error:sandbox : { name: [32m&apos;NotFoundError&apos;[39m }

error:sandbox : { name: [32m&apos;NotFoundError&apos;[39m }

error:sandbox : { name: [32m&apos;NotFoundError&apos;[39m }

error:sandbox : { name: [32m&apos;NotFoundError&apos;[39m }
error:sandbox : { name: [32m&apos;NotFoundError&apos;[39m }

error:sandbox : { name: [32m&apos;NotFoundError&apos;[39m }

error:sandbox : { name: [32m&apos;NotFoundError&apos;[39m }

error:sandbox : { name: [32m&apos;NotFoundError&apos;[39m }

error:sandbox : { name: [32m&apos;NotFoundError&apos;[39m }

error:sandbox : { name: [32m&apos;NotFoundError&apos;[39m }

error:sandbox : { name: [32m&apos;NotFoundError&apos;[39m }

error:sandbox : { name: [32m&apos;NotFoundError&apos;[39m }

error:sandbox : { name: [32m&apos;NotFoundError&apos;[39m }

error:sandbox : { name: [32m&apos;NotFoundError&apos;[39m }
error:sandbox : { name: [32m&apos;NotFoundError&apos;[39m }

error:sandbox : { name: [32m&apos;NotFoundError&apos;[39m }

error:sandbox : { name: [32m&apos;NotFoundError&apos;[39m }

error:sandbox : { name: [32m&apos;NotFoundError&apos;[39m }

error:sandbox : { name: [32m&apos;NotFoundError&apos;[39m }

error:sandbox : { name: [32m&apos;NotFoundError&apos;[39m }

error:sandbox : { name: [32m&apos;NotFoundError&apos;[39m }

error:sandbox : { name: [32m&apos;NotFoundError&apos;[39m }

error:sandbox : { name: [32m&apos;NotFoundError&apos;[39m }

error:sandbox : { name: [32m&apos;NotFoundError&apos;[39m }

error:sandbox : { name: [32m&apos;NotFoundError&apos;[39m }

error:sandbox : { name: [32m&apos;NotFoundError&apos;[39m }

error:sandbox : { name: [32m&apos;NotFoundError&apos;[39m }

error:sandbox : { name: [32m&apos;NotFoundError&apos;[39m }

error:sandbox : { name: [32m&apos;NotFoundError&apos;[39m }

error:sandbox : { name: [32m&apos;NotFoundError&apos;[39m }

error:sandbox : { name: [32m&apos;NotFoundError&apos;[39m }

error:sandbox : { name: [32m&apos;NotFoundError&apos;[39m }

error:sandbox : { name: [32m&apos;NotFoundError&apos;[39m }

error:sandbox : { name: [32m&apos;NotFoundError&apos;[39m }

error:sandbox : { name: [32m&apos;NotFoundError&apos;[39m }

error:sandbox : { name: [32m&apos;NotFoundError&apos;[39m }

error:sandbox : { name: [32m&apos;NotFoundError&apos;[39m }

error:sandbox : { name: [32m&apos;NotFoundError&apos;[39m }

error:sandbox : { name: [32m&apos;NotFoundError&apos;[39m }

error:sandbox : { name: [32m&apos;NotFoundError&apos;[39m }

error:sandbox : { name: [32m&apos;NotFoundError&apos;[39m }

error:sandbox : { name: [32m&apos;NotFoundError&apos;[39m }

error:sandbox : { name: [32m&apos;NotFoundError&apos;[39m }

error:sandbox : { name: [32m&apos;NotFoundError&apos;[39m }
error:sandbox : { name: [32m&apos;NotFoundError&apos;[39m }

error:sandbox : { name: [32m&apos;NotFoundError&apos;[39m }

            </system-err>
            <failure message="Element &quot;three dots menu or kebab menu on the right side of the page&quot; not found.

=== Debug Information ===
Element searched for: &quot;three dots menu or kebab menu on the right side of the page&quot;
Cache: MISS" type="ElementNotFoundError">
ElementNotFoundError: Element &quot;three dots menu or kebab menu on the right side of the page&quot; not found.

=== Debug Information ===
Element searched for: &quot;three dots menu or kebab menu on the right side of the page&quot;
Cache: MISS
 ❯ testdriver/acceptance-sdk/sully-ai.test.mjs:173:21

⎯⎯⎯⎯⎯⎯⎯⎯⎯⎯⎯⎯⎯⎯⎯⎯⎯⎯⎯⎯⎯⎯⎯⎯⎯⎯⎯⎯⎯⎯⎯⎯⎯⎯⎯⎯⎯⎯⎯⎯⎯⎯⎯⎯⎯⎯⎯⎯⎯⎯⎯⎯⎯⎯⎯⎯⎯⎯⎯⎯⎯⎯⎯⎯⎯⎯⎯⎯⎯⎯⎯⎯⎯⎯⎯⎯⎯⎯⎯⎯⎯⎯⎯⎯⎯⎯
Serialized Error: { aiResponse: null, description: &apos;three dots menu or kebab menu on the right side of the page&apos;, timestamp: &apos;2025-11-29T00:15:26.630Z&apos;, screenshotPath: null, cachedImagePath: null, pixelDiffPath: null, _sanitizeAiResponse: &apos;Function&lt;_sanitizeAiResponse&gt;&apos; }
            </failure>
            <failure message="Hook timed out in 600000ms.
If this is a long-running hook, pass a timeout value as the last argument or configure it globally with &quot;hookTimeout&quot;." type="Error">
Error: Hook timed out in 600000ms.
If this is a long-running hook, pass a timeout value as the last argument or configure it globally with &quot;hookTimeout&quot;.
 ❯ TestDriver src/vitest/hooks.mjs:294:29
 ❯ chrome src/presets/index.mjs:36:32
 ❯ testdriver/acceptance-sdk/sully-ai.test.mjs:53:40

            </failure>
        </testcase>
    </testsuite>
</testsuites>
] Entering createS3Client
  {
    &quot;args&quot;: {}
  }
00:18:04.079 [[34mdebug[39m] [VERBOSE] Creating S3 client
  {
    &quot;fallbackRegion&quot;: &quot;us-east-2&quot;,
    &quot;bucket&quot;: &quot;replayable-dev&quot;,
    &quot;hasAccessKey&quot;: true,
    &quot;hasSecretKey&quot;: true,
    &quot;hasSessionToken&quot;: true
  }
00:18:04.080 [[34mdebug[39m] S3 client created
  {
    &quot;configuredRegion&quot;: &quot;us-east-2&quot;,
    &quot;bucket&quot;: &quot;replayable-dev&quot;
  }
00:18:04.080 [[34mdebug[39m] Exiting createS3Client
  {
    &quot;result&quot;: &quot;undefined&quot;
  }
00:18:04.081 [[34mdebug[39m] Generating upload params:
  {
    &quot;bucket&quot;: &quot;replayable-dev&quot;,
    &quot;key&quot;: &quot;uploads/68461b32cd485429de831c36/692a3bbaf3cf09062a7517d0/log-1764375483523.jsonl&quot;,
    &quot;contentType&quot;: &quot;log/jsonl&quot;
  }
00:18:04.081 [[34mdebug[39m] [VERBOSE] File upload details
  {
    &quot;fileSizeBytes&quot;: 16424,
    &quot;fileSizeMB&quot;: &quot;0.02&quot;,
    &quot;bucket&quot;: &quot;replayable-dev&quot;,
    &quot;key&quot;: &quot;uploads/68461b32cd485429de831c36/692a3bbaf3cf09062a7517d0/log-1764375483523.jsonl&quot;,
    &quot;contentType&quot;: &quot;log/jsonl&quot;
  }
00:18:04.081 [[32minfo[39m] Added log uploads to queue
  {
    &quot;totalUploads&quot;: 5,
    &quot;logUploads&quot;: 2
  }
00:18:04.082 [[34mdebug[39m] Waiting for all uploads to complete...
Finalizing uploads...
00:18:04.228 [[34mdebug[39m] [VERBOSE] Upload video progress: 100%
  {
    &quot;loaded&quot;: 736695,
    &quot;total&quot;: 736695,
    &quot;speedMBps&quot;: &quot;0.99&quot;
  }
Uploading video: 100%
Uploaded video successfully (0.7s)
00:18:04.229 [[32minfo[39m] Successfully uploaded video
  {
    &quot;key&quot;: &quot;uploads/68461b32cd485429de831c36/692a3bbaf3cf09062a7517d0/692a3bbaf3cf09062a7517d0.mp4&quot;,
    &quot;location&quot;: &quot;https://replayable-dev.s3.us-east-2.amazonaws.com/uploads/68461b32cd485429de831c36/692a3bbaf3cf09062a7517d0/692a3bbaf3cf09062a7517d0.mp4&quot;,
    &quot;duration&quot;: &quot;0.7s&quot;,
    &quot;averageSpeed&quot;: &quot;0.98 MB/s&quot;
  }
00:18:04.229 [[34mdebug[39m] Exiting uploadFile
  {
    &quot;result&quot;: &quot;undefined&quot;
  }
00:18:04.391 [[34mdebug[39m] [VERBOSE] Upload log progress: 100%
  {
    &quot;loaded&quot;: 16424,
    &quot;total&quot;: 16424,
    &quot;speedMBps&quot;: &quot;0.05&quot;
  }
Uploaded log successfully (0.3s)
00:18:04.391 [[32minfo[39m] Successfully uploaded log
  {
    &quot;key&quot;: &quot;uploads/68461b32cd485429de831c36/692a3bbaf3cf09062a7517d0/log-1764375483523.jsonl&quot;,
    &quot;location&quot;: &quot;https://replayable-dev.s3.us-east-2.amazonaws.com/uploads/68461b32cd485429de831c36/692a3bbaf3cf09062a7517d0/log-1764375483523.jsonl&quot;,
    &quot;duration&quot;: &quot;0.3s&quot;,
    &quot;averageSpeed&quot;: &quot;0.05 MB/s&quot;
  }
00:18:04.392 [[34mdebug[39m] Exiting uploadFile
  {
    &quot;result&quot;: &quot;undefined&quot;
  }
00:18:04.415 [[34mdebug[39m] [VERBOSE] Upload image progress: 100%
  {
    &quot;loaded&quot;: 693765,
    &quot;total&quot;: 693765,
    &quot;speedMBps&quot;: &quot;0.74&quot;
  }
00:18:04.416 [[34mdebug[39m] Exiting uploadFile
  {
    &quot;result&quot;: &quot;undefined&quot;
  }
00:18:04.417 [[34mdebug[39m] Cleaning up uploaded files
  {
    &quot;files&quot;: [
      &quot;recording-2025-11-29T00-17-44-824Z.webm&quot;,
      &quot;recording-2025-11-29T00-17-44-824Z.gif&quot;,
      &quot;recording-2025-11-29T00-17-44-824Z.png&quot;,
      &quot;performance.jsonl&quot;,
      &quot;692a3bbaf3cf09062a7517d0_dashcam_logs_web_events.jsonl&quot;
    ]
  }
00:18:04.418 [[34mdebug[39m] Deleted uploaded file: recording-2025-11-29T00-17-44-824Z.webm
00:18:04.418 [[34mdebug[39m] Deleted uploaded file: recording-2025-11-29T00-17-44-824Z.gif
00:18:04.419 [[34mdebug[39m] Deleted uploaded file: recording-2025-11-29T00-17-44-824Z.png
00:18:04.419 [[34mdebug[39m] Deleted uploaded file: performance.jsonl
00:18:04.420 [[34mdebug[39m] Deleted uploaded file: 692a3bbaf3cf09062a7517d0_dashcam_logs_web_events.jsonl
00:18:04.420 [[34mdebug[39m] Publishing replay...
Publishing replay...
Replay published successfully
00:18:04.618 [[32minfo[39m] Upload process completed successfully
  {
    &quot;replayId&quot;: &quot;692a3bbaf3cf09062a7517d0&quot;,
    &quot;shareLink&quot;: &quot;http://localhost:3001/replay/692a3bbaf3cf09062a7517d0?share=Y2m685KflyNd5FrVvKwt6A&quot;
  }
00:18:04.619 [[34mdebug[39m] Exiting upload
  {
    &quot;result&quot;: &quot;undefined&quot;
  }
Watch your recording: http://localhost:3001/replay/692a3bbaf3cf09062a7517d0?share=Y2m685KflyNd5FrVvKwt6A
00:18:04.620 [[32minfo[39m] Upload succeeded
00:18:04.620 [[31merror[39m] Failed to cleanup process files
  {
    &quot;error&quot;: {}
  }


🎥 Dashcam URL: http://localhost:3001/replay/692a3bbaf3cf09062a7517d0?share=Y2m685KflyNd5FrVvKwt6A
[testdriver] ✅ Wrote dashcam URL to /var/folders/7s/2nhyb0rj2bs_rkswlgqnnhdm0000gn/T/testdriver-results/-1973333524_0_0.json
[testdriver] ✅ Registered dashcam URL in memory for test -1973333524_0_0
[useTestDriver] Console interceptor removed for task: -1973333524_0_0

✅ Client disconnected

            </system-out>
        </testcase>
    </testsuite>
</testsuites>
