<?xml version="1.0" encoding="UTF-8"?>
<testsuites tests="3" failures="1" errors="0" skipped="0">
  <testsuite name="prerun" tests="1" failures="0" errors="0" skipped="0">
    <testcase classname="prerun" name="start dashcam" time="2.785">
      <properties>
        <property name="step[passed]" value="Step 1: exec (1.534s)"/>
        <property name="step[passed]" value="Step 2: exec (1.247s)"/>
        <property name="html:richtext" value="&#xA;        &lt;h3>Test Step Output&lt;/h3>&#xA;        &lt;div style=&quot;font-family: monospace; background: #f5f5f5; padding: 10px; border-radius: 4px;&quot;>&#xA;          Test step started: start dashcam&#xA;[info] &#xA;[info] &lt;span style=&quot;color:#ced334&quot;>&amp;gt; start dashcam&lt;span style=&quot;color:#000000&quot;>&lt;/span>&lt;/span>&#xA;&amp;gt; exec&#xA;[info] prerun.yaml:4:6 (exec)&lt;span style=&quot;font-weight:normal;text-decoration:none;font-style:normal&quot;>&lt;/span>&#xA;[info] &lt;span style=&quot;color:#34d3d3&quot;>command&lt;span style=&quot;color:#000000&quot;>=&lt;span style=&quot;color:#b3d334&quot;>&amp;apos;exec&amp;apos;&lt;span style=&quot;color:#000000&quot;> &lt;span style=&quot;color:#34d3d3&quot;>code&lt;span style=&quot;color:#000000&quot;>=&lt;span style=&quot;color:#b3d334&quot;>&amp;apos;dashcam track --name=TestDriver --type=application --pattern=&amp;quot;C:\Users\testdriver\Documents\testdriv...&amp;apos;&lt;span style=&quot;color:#000000&quot;> &lt;span style=&quot;color:#34d3d3&quot;>lang&lt;span style=&quot;color:#000000&quot;>=&lt;span style=&quot;color:#b3d334&quot;>&amp;apos;pwsh&amp;apos;&lt;span style=&quot;color:#000000&quot;>&lt;/span>&lt;/span>&lt;/span>&lt;/span>&lt;/span>&lt;/span>&lt;/span>&lt;/span>&lt;/span>&lt;/span>&lt;/span>&lt;/span>&#xA;[info] calling exec...&lt;span style=&quot;font-weight:normal;text-decoration:none;font-style:normal&quot;>&lt;/span>&#xA;[info] dashcam track --name=TestDriver --type=application --pattern=&amp;quot;C:\Users\testdriver\Documents\testdriver.log&amp;quot;&#xA;[info] Command stdout:&lt;span style=&quot;font-weight:normal;text-decoration:none;font-style:normal&quot;>&lt;/span>&#xA;[info] &#xA;&amp;#x2713; Command succeeded: {&lt;br/>  &amp;quot;command&amp;quot;: &amp;quot;exec&amp;quot;,&lt;br/>  &amp;quot;depth&amp;quot;: 0,&lt;br/>  &amp;quot;data&amp;quot;: {&lt;br/>    &amp;quot;command&amp;quot;: &amp;quot;exec&amp;quot;,&lt;br/>    &amp;quot;lang&amp;quot;: &amp;quot;pwsh&amp;quot;,&lt;br/>    &amp;quot;code&amp;quot;: &amp;quot;dashcam track --name=TestDriver --type=application --pattern=\&amp;quot;C:\\Users\\testdriver\\Documents\\testdriver.log\&amp;quot;&amp;quot;&lt;br/>  },&lt;br/>  &amp;quot;duration&amp;quot;: 1534,&lt;br/>  &amp;quot;response&amp;quot;: &amp;quot;&amp;quot;,&lt;br/>  &amp;quot;timestamp&amp;quot;: 1754009720343,&lt;br/>  &amp;quot;sourcePosition&amp;quot;: {&lt;br/>    &amp;quot;filePath&amp;quot;: &amp;quot;/Users/ianjennings/Development/testdriverai/testdriver/lifecycle/prerun.yaml&amp;quot;,&lt;br/>    &amp;quot;step&amp;quot;: {&lt;br/>      &amp;quot;stepIndex&amp;quot;: 0,&lt;br/>      &amp;quot;startLine&amp;quot;: 3,&lt;br/>      &amp;quot;startColumn&amp;quot;: 4,&lt;br/>      &amp;quot;endLine&amp;quot;: 18,&lt;br/>      &amp;quot;endColumn&amp;quot;: 0,&lt;br/>      &amp;quot;prompt&amp;quot;: {&lt;br/>        &amp;quot;startLine&amp;quot;: 3,&lt;br/>        &amp;quot;startColumn&amp;quot;: 4,&lt;br/>        &amp;quot;endLine&amp;quot;: 3,&lt;br/>        &amp;quot;endColumn&amp;quot;: 25&lt;br/>      },&lt;br/>      &amp;quot;commands&amp;quot;: [&lt;br/>        {&lt;br/>          &amp;quot;commandIndex&amp;quot;: 0,&lt;br/>          &amp;quot;startLine&amp;quot;: 5,&lt;br/>          &amp;quot;startColumn&amp;quot;: 8,&lt;br/>          &amp;quot;endLine&amp;quot;: 7,&lt;br/>          &amp;quot;endColumn&amp;quot;: 121,&lt;br/>          &amp;quot;command&amp;quot;: &amp;quot;exec&amp;quot;&lt;br/>        },&lt;br/>        {&lt;br/>          &amp;quot;commandIndex&amp;quot;: 1,&lt;br/>          &amp;quot;startLine&amp;quot;: 8,&lt;br/>          &amp;quot;startColumn&amp;quot;: 8,&lt;br/>          &amp;quot;endLine&amp;quot;: 10,&lt;br/>          &amp;quot;endColumn&amp;quot;: 27,&lt;br/>          &amp;quot;command&amp;quot;: &amp;quot;exec&amp;quot;&lt;br/>        }&lt;br/>      ]&lt;br/>    },&lt;br/>    &amp;quot;command&amp;quot;: {&lt;br/>      &amp;quot;commandIndex&amp;quot;: 0,&lt;br/>      &amp;quot;startLine&amp;quot;: 5,&lt;br/>      &amp;quot;startColumn&amp;quot;: 8,&lt;br/>      &amp;quot;endLine&amp;quot;: 7,&lt;br/>      &amp;quot;endColumn&amp;quot;: 121,&lt;br/>      &amp;quot;command&amp;quot;: &amp;quot;exec&amp;quot;&lt;br/>    }&lt;br/>  }&lt;br/>}&#xA;  Duration: 1.534s&#xA;&amp;gt; exec&#xA;[info] prerun.yaml:4:9 (exec)&lt;span style=&quot;font-weight:normal;text-decoration:none;font-style:normal&quot;>&lt;/span>&#xA;[info] &lt;span style=&quot;color:#34d3d3&quot;>command&lt;span style=&quot;color:#000000&quot;>=&lt;span style=&quot;color:#b3d334&quot;>&amp;apos;exec&amp;apos;&lt;span style=&quot;color:#000000&quot;> &lt;span style=&quot;color:#34d3d3&quot;>code&lt;span style=&quot;color:#000000&quot;>=&lt;span style=&quot;color:#b3d334&quot;>&amp;apos;dashcam start&amp;apos;&lt;span style=&quot;color:#000000&quot;> &lt;span style=&quot;color:#34d3d3&quot;>lang&lt;span style=&quot;color:#000000&quot;>=&lt;span style=&quot;color:#b3d334&quot;>&amp;apos;pwsh&amp;apos;&lt;span style=&quot;color:#000000&quot;>&lt;/span>&lt;/span>&lt;/span>&lt;/span>&lt;/span>&lt;/span>&lt;/span>&lt;/span>&lt;/span>&lt;/span>&lt;/span>&lt;/span>&#xA;[info] calling exec...&lt;span style=&quot;font-weight:normal;text-decoration:none;font-style:normal&quot;>&lt;/span>&#xA;[info] dashcam start&#xA;[info] Command stdout:&lt;span style=&quot;font-weight:normal;text-decoration:none;font-style:normal&quot;>&lt;/span>&#xA;[info] &#xA;&amp;#x2713; Command succeeded: {&lt;br/>  &amp;quot;command&amp;quot;: &amp;quot;exec&amp;quot;,&lt;br/>  &amp;quot;depth&amp;quot;: 0,&lt;br/>  &amp;quot;data&amp;quot;: {&lt;br/>    &amp;quot;command&amp;quot;: &amp;quot;exec&amp;quot;,&lt;br/>    &amp;quot;lang&amp;quot;: &amp;quot;pwsh&amp;quot;,&lt;br/>    &amp;quot;code&amp;quot;: &amp;quot;dashcam start&amp;quot;&lt;br/>  },&lt;br/>  &amp;quot;duration&amp;quot;: 1247,&lt;br/>  &amp;quot;response&amp;quot;: &amp;quot;&amp;quot;,&lt;br/>  &amp;quot;timestamp&amp;quot;: 1754009721591,&lt;br/>  &amp;quot;sourcePosition&amp;quot;: {&lt;br/>    &amp;quot;filePath&amp;quot;: &amp;quot;/Users/ianjennings/Development/testdriverai/testdriver/lifecycle/prerun.yaml&amp;quot;,&lt;br/>    &amp;quot;step&amp;quot;: {&lt;br/>      &amp;quot;stepIndex&amp;quot;: 0,&lt;br/>      &amp;quot;startLine&amp;quot;: 3,&lt;br/>      &amp;quot;startColumn&amp;quot;: 4,&lt;br/>      &amp;quot;endLine&amp;quot;: 18,&lt;br/>      &amp;quot;endColumn&amp;quot;: 0,&lt;br/>      &amp;quot;prompt&amp;quot;: {&lt;br/>        &amp;quot;startLine&amp;quot;: 3,&lt;br/>        &amp;quot;startColumn&amp;quot;: 4,&lt;br/>        &amp;quot;endLine&amp;quot;: 3,&lt;br/>        &amp;quot;endColumn&amp;quot;: 25&lt;br/>      },&lt;br/>      &amp;quot;commands&amp;quot;: [&lt;br/>        {&lt;br/>          &amp;quot;commandIndex&amp;quot;: 0,&lt;br/>          &amp;quot;startLine&amp;quot;: 5,&lt;br/>          &amp;quot;startColumn&amp;quot;: 8,&lt;br/>          &amp;quot;endLine&amp;quot;: 7,&lt;br/>          &amp;quot;endColumn&amp;quot;: 121,&lt;br/>          &amp;quot;command&amp;quot;: &amp;quot;exec&amp;quot;&lt;br/>        },&lt;br/>        {&lt;br/>          &amp;quot;commandIndex&amp;quot;: 1,&lt;br/>          &amp;quot;startLine&amp;quot;: 8,&lt;br/>          &amp;quot;startColumn&amp;quot;: 8,&lt;br/>          &amp;quot;endLine&amp;quot;: 10,&lt;br/>          &amp;quot;endColumn&amp;quot;: 27,&lt;br/>          &amp;quot;command&amp;quot;: &amp;quot;exec&amp;quot;&lt;br/>        }&lt;br/>      ]&lt;br/>    },&lt;br/>    &amp;quot;command&amp;quot;: {&lt;br/>      &amp;quot;commandIndex&amp;quot;: 1,&lt;br/>      &amp;quot;startLine&amp;quot;: 8,&lt;br/>      &amp;quot;startColumn&amp;quot;: 8,&lt;br/>      &amp;quot;endLine&amp;quot;: 10,&lt;br/>      &amp;quot;endColumn&amp;quot;: 27,&lt;br/>      &amp;quot;command&amp;quot;: &amp;quot;exec&amp;quot;&lt;br/>    }&lt;br/>  }&lt;br/>}&#xA;  Duration: 1.247s&#xA;&amp;#x2713; Step completed successfully: {&lt;br/>  &amp;quot;stepIndex&amp;quot;: 0,&lt;br/>  &amp;quot;prompt&amp;quot;: &amp;quot;start dashcam&amp;quot;,&lt;br/>  &amp;quot;commandCount&amp;quot;: 2,&lt;br/>  &amp;quot;duration&amp;quot;: 2784,&lt;br/>  &amp;quot;timestamp&amp;quot;: 1754009721591,&lt;br/>  &amp;quot;sourcePosition&amp;quot;: {&lt;br/>    &amp;quot;filePath&amp;quot;: &amp;quot;/Users/ianjennings/Development/testdriverai/testdriver/lifecycle/prerun.yaml&amp;quot;,&lt;br/>    &amp;quot;step&amp;quot;: {&lt;br/>      &amp;quot;stepIndex&amp;quot;: 0,&lt;br/>      &amp;quot;startLine&amp;quot;: 3,&lt;br/>      &amp;quot;startColumn&amp;quot;: 4,&lt;br/>      &amp;quot;endLine&amp;quot;: 18,&lt;br/>      &amp;quot;endColumn&amp;quot;: 0,&lt;br/>      &amp;quot;prompt&amp;quot;: {&lt;br/>        &amp;quot;startLine&amp;quot;: 3,&lt;br/>        &amp;quot;startColumn&amp;quot;: 4,&lt;br/>        &amp;quot;endLine&amp;quot;: 3,&lt;br/>        &amp;quot;endColumn&amp;quot;: 25&lt;br/>      },&lt;br/>      &amp;quot;commands&amp;quot;: [&lt;br/>        {&lt;br/>          &amp;quot;commandIndex&amp;quot;: 0,&lt;br/>          &amp;quot;startLine&amp;quot;: 5,&lt;br/>          &amp;quot;startColumn&amp;quot;: 8,&lt;br/>          &amp;quot;endLine&amp;quot;: 7,&lt;br/>          &amp;quot;endColumn&amp;quot;: 121,&lt;br/>          &amp;quot;command&amp;quot;: &amp;quot;exec&amp;quot;&lt;br/>        },&lt;br/>        {&lt;br/>          &amp;quot;commandIndex&amp;quot;: 1,&lt;br/>          &amp;quot;startLine&amp;quot;: 8,&lt;br/>          &amp;quot;startColumn&amp;quot;: 8,&lt;br/>          &amp;quot;endLine&amp;quot;: 10,&lt;br/>          &amp;quot;endColumn&amp;quot;: 27,&lt;br/>          &amp;quot;command&amp;quot;: &amp;quot;exec&amp;quot;&lt;br/>        }&lt;br/>      ]&lt;br/>    },&lt;br/>    &amp;quot;command&amp;quot;: null&lt;br/>  }&lt;br/>}&#xA;Test completed successfully: {&lt;br/>  &amp;quot;filePath&amp;quot;: &amp;quot;/Users/ianjennings/Development/testdriverai/testdriver/lifecycle/prerun.yaml&amp;quot;,&lt;br/>  &amp;quot;duration&amp;quot;: 2813,&lt;br/>  &amp;quot;timestamp&amp;quot;: 1754009721591&lt;br/>}&#xA;        &lt;/div>"/>
      </properties>
      <system-out><![CDATA[Test step started: start dashcam
[info] 
[info] > start dashcam
> exec
[info] prerun.yaml:4:6 (exec)
[info] command='exec' code='dashcam track --name=TestDriver --type=application --pattern="C:\Users\testdriver\Documents\testdriv...' lang='pwsh'
[info] calling exec...
[info] dashcam track --name=TestDriver --type=application --pattern="C:\Users\testdriver\Documents\testdriver.log"
[info] Command stdout:
[info] 
✓ Command succeeded: {
  "command": "exec",
  "depth": 0,
  "data": {
    "command": "exec",
    "lang": "pwsh",
    "code": "dashcam track --name=TestDriver --type=application --pattern=\"C:\\Users\\testdriver\\Documents\\testdriver.log\""
  },
  "duration": 1534,
  "response": "",
  "timestamp": 1754009720343,
  "sourcePosition": {
    "filePath": "/Users/ianjennings/Development/testdriverai/testdriver/lifecycle/prerun.yaml",
    "step": {
      "stepIndex": 0,
      "startLine": 3,
      "startColumn": 4,
      "endLine": 18,
      "endColumn": 0,
      "prompt": {
        "startLine": 3,
        "startColumn": 4,
        "endLine": 3,
        "endColumn": 25
      },
      "commands": [
        {
          "commandIndex": 0,
          "startLine": 5,
          "startColumn": 8,
          "endLine": 7,
          "endColumn": 121,
          "command": "exec"
        },
        {
          "commandIndex": 1,
          "startLine": 8,
          "startColumn": 8,
          "endLine": 10,
          "endColumn": 27,
          "command": "exec"
        }
      ]
    },
    "command": {
      "commandIndex": 0,
      "startLine": 5,
      "startColumn": 8,
      "endLine": 7,
      "endColumn": 121,
      "command": "exec"
    }
  }
}
  Duration: 1.534s
> exec
[info] prerun.yaml:4:9 (exec)
[info] command='exec' code='dashcam start' lang='pwsh'
[info] calling exec...
[info] dashcam start
[info] Command stdout:
[info] 
✓ Command succeeded: {
  "command": "exec",
  "depth": 0,
  "data": {
    "command": "exec",
    "lang": "pwsh",
    "code": "dashcam start"
  },
  "duration": 1247,
  "response": "",
  "timestamp": 1754009721591,
  "sourcePosition": {
    "filePath": "/Users/ianjennings/Development/testdriverai/testdriver/lifecycle/prerun.yaml",
    "step": {
      "stepIndex": 0,
      "startLine": 3,
      "startColumn": 4,
      "endLine": 18,
      "endColumn": 0,
      "prompt": {
        "startLine": 3,
        "startColumn": 4,
        "endLine": 3,
        "endColumn": 25
      },
      "commands": [
        {
          "commandIndex": 0,
          "startLine": 5,
          "startColumn": 8,
          "endLine": 7,
          "endColumn": 121,
          "command": "exec"
        },
        {
          "commandIndex": 1,
          "startLine": 8,
          "startColumn": 8,
          "endLine": 10,
          "endColumn": 27,
          "command": "exec"
        }
      ]
    },
    "command": {
      "commandIndex": 1,
      "startLine": 8,
      "startColumn": 8,
      "endLine": 10,
      "endColumn": 27,
      "command": "exec"
    }
  }
}
  Duration: 1.247s
✓ Step completed successfully: {
  "stepIndex": 0,
  "prompt": "start dashcam",
  "commandCount": 2,
  "duration": 2784,
  "timestamp": 1754009721591,
  "sourcePosition": {
    "filePath": "/Users/ianjennings/Development/testdriverai/testdriver/lifecycle/prerun.yaml",
    "step": {
      "stepIndex": 0,
      "startLine": 3,
      "startColumn": 4,
      "endLine": 18,
      "endColumn": 0,
      "prompt": {
        "startLine": 3,
        "startColumn": 4,
        "endLine": 3,
        "endColumn": 25
      },
      "commands": [
        {
          "commandIndex": 0,
          "startLine": 5,
          "startColumn": 8,
          "endLine": 7,
          "endColumn": 121,
          "command": "exec"
        },
        {
          "commandIndex": 1,
          "startLine": 8,
          "startColumn": 8,
          "endLine": 10,
          "endColumn": 27,
          "command": "exec"
        }
      ]
    },
    "command": null
  }
}
Test completed successfully: {
  "filePath": "/Users/ianjennings/Development/testdriverai/testdriver/lifecycle/prerun.yaml",
  "duration": 2813,
  "timestamp": 1754009721591
}]]></system-out>
    </testcase>
  </testsuite>
  <testsuite name="hover-image" tests="1" failures="1" errors="0" skipped="0">
    <testcase classname="hover-image" name="Step 1" time="19.949">
      <properties>
        <property name="step[error]" value="Step 1: run - INCOMPLETE"/>
        <property name="step[passed]" value="Step 2: focus-application (8.039s)"/>
        <property name="step[failure]" value="Step 3: hover-text - FAILED: {&#xA;  &quot;command&quot;: &quot;hover-text&quot;,&#xA;  &quot;depth&quot;: 1,&#xA;  &quot;data&quot;: {&#xA;    &quot;command&quot;: &quot;hover-text&quot;,&#xA;    &quot;text&quot;: &quot;Username&quot;,&#xA;    &quot;description&quot;: &quot;username input field&quot;,&#xA;    &quot;action&quot;: &quot;click&quot;&#xA;  },&#xA;  &quot;error&quot;: &quot;Timed out (5 seconds) while searching for \&quot;Username\&quot;&quot;,&#xA;  &quot;duration&quot;: 11892,&#xA;  &quot;timestamp&quot;: 1754009741565,&#xA;  &quot;sourcePosition&quot;: {&#xA;    &quot;filePath&quot;: &quot;/Users/ianjennings/Development/testdriverai/testdriver/acceptance/snippets/login.yaml&quot;,&#xA;    &quot;step&quot;: {&#xA;      &quot;stepIndex&quot;: 1,&#xA;      &quot;startLine&quot;: 7,&#xA;      &quot;startColumn&quot;: 4,&#xA;      &quot;endLine&quot;: 15,&#xA;      &quot;endColumn&quot;: 2,&#xA;      &quot;prompt&quot;: {&#xA;        &quot;startLine&quot;: 7,&#xA;        &quot;startColumn&quot;: 4,&#xA;        &quot;endLine&quot;: 7,&#xA;        &quot;endColumn&quot;: 28&#xA;      },&#xA;      &quot;commands&quot;: [&#xA;        {&#xA;          &quot;commandIndex&quot;: 0,&#xA;          &quot;startLine&quot;: 9,&#xA;          &quot;startColumn&quot;: 8,&#xA;          &quot;endLine&quot;: 12,&#xA;          &quot;endColumn&quot;: 21,&#xA;          &quot;command&quot;: &quot;hover-text&quot;&#xA;        },&#xA;        {&#xA;          &quot;commandIndex&quot;: 1,&#xA;          &quot;startLine&quot;: 13,&#xA;          &quot;startColumn&quot;: 8,&#xA;          &quot;endLine&quot;: 14,&#xA;          &quot;endColumn&quot;: 27,&#xA;          &quot;command&quot;: &quot;type&quot;&#xA;        }&#xA;      ]&#xA;    },&#xA;    &quot;command&quot;: {&#xA;      &quot;commandIndex&quot;: 0,&#xA;      &quot;startLine&quot;: 9,&#xA;      &quot;startColumn&quot;: 8,&#xA;      &quot;endLine&quot;: 12,&#xA;      &quot;endColumn&quot;: 21,&#xA;      &quot;command&quot;: &quot;hover-text&quot;&#xA;    }&#xA;  }&#xA;}"/>
        <property name="html:richtext" value="&#xA;        &lt;h3>Test Step Output&lt;/h3>&#xA;        &lt;div style=&quot;font-family: monospace; background: #f5f5f5; padding: 10px; border-radius: 4px;&quot;>&#xA;          Test step started: Step 1&#xA;[info] &#xA;[info] &lt;span style=&quot;color:#ced334&quot;>&amp;gt; no prompt&lt;span style=&quot;color:#000000&quot;>&lt;/span>&lt;/span>&#xA;&amp;gt; run&#xA;[info] hover-image.yaml:4:5 (run)&lt;span style=&quot;font-weight:normal;text-decoration:none;font-style:normal&quot;>&lt;/span>&#xA;[info] &lt;span style=&quot;color:#34d3d3&quot;>command&lt;span style=&quot;color:#000000&quot;>=&lt;span style=&quot;color:#b3d334&quot;>&amp;apos;run&amp;apos;&lt;span style=&quot;color:#000000&quot;> &lt;span style=&quot;color:#34d3d3&quot;>file&lt;span style=&quot;color:#000000&quot;>=&lt;span style=&quot;color:#b3d334&quot;>&amp;apos;snippets/login.yaml&amp;apos;&lt;span style=&quot;color:#000000&quot;>&lt;/span>&lt;/span>&lt;/span>&lt;/span>&lt;/span>&lt;/span>&lt;/span>&lt;/span>&#xA;[info] snippets/login.yaml (start)&#xA;&amp;gt; focus-application&#xA;[info] login.yaml:4:6 (focus-application)&lt;span style=&quot;font-weight:normal;text-decoration:none;font-style:normal&quot;>&lt;/span>&#xA;[info] &lt;span style=&quot;color:#34d3d3&quot;>command&lt;span style=&quot;color:#000000&quot;>=&lt;span style=&quot;color:#b3d334&quot;>&amp;apos;focus-application&amp;apos;&lt;span style=&quot;color:#000000&quot;> &lt;span style=&quot;color:#34d3d3&quot;>name&lt;span style=&quot;color:#000000&quot;>=&lt;span style=&quot;color:#b3d334&quot;>&amp;apos;Google Chrome&amp;apos;&lt;span style=&quot;color:#000000&quot;>&lt;/span>&lt;/span>&lt;/span>&lt;/span>&lt;/span>&lt;/span>&lt;/span>&lt;/span>&#xA;&amp;#x2713; Command succeeded: {&lt;br/>  &amp;quot;command&amp;quot;: &amp;quot;focus-application&amp;quot;,&lt;br/>  &amp;quot;depth&amp;quot;: 1,&lt;br/>  &amp;quot;data&amp;quot;: {&lt;br/>    &amp;quot;command&amp;quot;: &amp;quot;focus-application&amp;quot;,&lt;br/>    &amp;quot;name&amp;quot;: &amp;quot;Google Chrome&amp;quot;&lt;br/>  },&lt;br/>  &amp;quot;duration&amp;quot;: 8039,&lt;br/>  &amp;quot;response&amp;quot;: &amp;quot;The application was focused.&amp;quot;,&lt;br/>  &amp;quot;timestamp&amp;quot;: 1754009729672,&lt;br/>  &amp;quot;sourcePosition&amp;quot;: {&lt;br/>    &amp;quot;filePath&amp;quot;: &amp;quot;/Users/ianjennings/Development/testdriverai/testdriver/acceptance/snippets/login.yaml&amp;quot;,&lt;br/>    &amp;quot;step&amp;quot;: {&lt;br/>      &amp;quot;stepIndex&amp;quot;: 0,&lt;br/>      &amp;quot;startLine&amp;quot;: 3,&lt;br/>      &amp;quot;startColumn&amp;quot;: 4,&lt;br/>      &amp;quot;endLine&amp;quot;: 7,&lt;br/>      &amp;quot;endColumn&amp;quot;: 2,&lt;br/>      &amp;quot;prompt&amp;quot;: {&lt;br/>        &amp;quot;startLine&amp;quot;: 3,&lt;br/>        &amp;quot;startColumn&amp;quot;: 4,&lt;br/>        &amp;quot;endLine&amp;quot;: 3,&lt;br/>        &amp;quot;endColumn&amp;quot;: 24&lt;br/>      },&lt;br/>      &amp;quot;commands&amp;quot;: [&lt;br/>        {&lt;br/>          &amp;quot;commandIndex&amp;quot;: 0,&lt;br/>          &amp;quot;startLine&amp;quot;: 5,&lt;br/>          &amp;quot;startColumn&amp;quot;: 8,&lt;br/>          &amp;quot;endLine&amp;quot;: 6,&lt;br/>          &amp;quot;endColumn&amp;quot;: 27,&lt;br/>          &amp;quot;command&amp;quot;: &amp;quot;focus-application&amp;quot;&lt;br/>        }&lt;br/>      ]&lt;br/>    },&lt;br/>    &amp;quot;command&amp;quot;: {&lt;br/>      &amp;quot;commandIndex&amp;quot;: 0,&lt;br/>      &amp;quot;startLine&amp;quot;: 5,&lt;br/>      &amp;quot;startColumn&amp;quot;: 8,&lt;br/>      &amp;quot;endLine&amp;quot;: 6,&lt;br/>      &amp;quot;endColumn&amp;quot;: 27,&lt;br/>      &amp;quot;command&amp;quot;: &amp;quot;focus-application&amp;quot;&lt;br/>    }&lt;br/>  }&lt;br/>}&#xA;  Duration: 8.039s&#xA;&amp;gt; hover-text&#xA;[info] login.yaml:8:10 (hover-text)&lt;span style=&quot;font-weight:normal;text-decoration:none;font-style:normal&quot;>&lt;/span>&#xA;[info] &lt;span style=&quot;color:#34d3d3&quot;>command&lt;span style=&quot;color:#000000&quot;>=&lt;span style=&quot;color:#b3d334&quot;>&amp;apos;hover-text&amp;apos;&lt;span style=&quot;color:#000000&quot;> &lt;span style=&quot;color:#34d3d3&quot;>text&lt;span style=&quot;color:#000000&quot;>=&lt;span style=&quot;color:#b3d334&quot;>&amp;apos;Username&amp;apos;&lt;span style=&quot;color:#000000&quot;> &lt;span style=&quot;color:#34d3d3&quot;>description&lt;span style=&quot;color:#000000&quot;>=&lt;span style=&quot;color:#b3d334&quot;>&amp;apos;username input field&amp;apos;&lt;span style=&quot;color:#000000&quot;> &lt;span style=&quot;color:#34d3d3&quot;>action&lt;span style=&quot;color:#000000&quot;>=&lt;span style=&quot;color:#b3d334&quot;>&amp;apos;click&amp;apos;&lt;span style=&quot;color:#000000&quot;>&lt;/span>&lt;/span>&lt;/span>&lt;/span>&lt;/span>&lt;/span>&lt;/span>&lt;/span>&lt;/span>&lt;/span>&lt;/span>&lt;/span>&lt;/span>&lt;/span>&lt;/span>&lt;/span>&#xA;[info] waiting for text: &amp;quot;Username&amp;quot;...&lt;span style=&quot;font-weight:normal;text-decoration:none;font-style:normal&quot;>&lt;/span>&#xA;[info] 1 seconds have passed without finding &amp;quot;Username&amp;quot;&lt;span style=&quot;font-weight:normal;text-decoration:none;font-style:normal&quot;>&lt;/span>&#xA;[info] 5 seconds have passed without finding &amp;quot;Username&amp;quot;&lt;span style=&quot;font-weight:normal;text-decoration:none;font-style:normal&quot;>&lt;/span>&#xA;[info] 8 seconds have passed without finding &amp;quot;Username&amp;quot;&lt;span style=&quot;font-weight:normal;text-decoration:none;font-style:normal&quot;>&lt;/span>&#xA;&amp;#x2717; Command failed: {&lt;br/>  &amp;quot;command&amp;quot;: &amp;quot;hover-text&amp;quot;,&lt;br/>  &amp;quot;depth&amp;quot;: 1,&lt;br/>  &amp;quot;data&amp;quot;: {&lt;br/>    &amp;quot;command&amp;quot;: &amp;quot;hover-text&amp;quot;,&lt;br/>    &amp;quot;text&amp;quot;: &amp;quot;Username&amp;quot;,&lt;br/>    &amp;quot;description&amp;quot;: &amp;quot;username input field&amp;quot;,&lt;br/>    &amp;quot;action&amp;quot;: &amp;quot;click&amp;quot;&lt;br/>  },&lt;br/>  &amp;quot;error&amp;quot;: &amp;quot;Timed out (5 seconds) while searching for \&amp;quot;Username\&amp;quot;&amp;quot;,&lt;br/>  &amp;quot;duration&amp;quot;: 11892,&lt;br/>  &amp;quot;timestamp&amp;quot;: 1754009741565,&lt;br/>  &amp;quot;sourcePosition&amp;quot;: {&lt;br/>    &amp;quot;filePath&amp;quot;: &amp;quot;/Users/ianjennings/Development/testdriverai/testdriver/acceptance/snippets/login.yaml&amp;quot;,&lt;br/>    &amp;quot;step&amp;quot;: {&lt;br/>      &amp;quot;stepIndex&amp;quot;: 1,&lt;br/>      &amp;quot;startLine&amp;quot;: 7,&lt;br/>      &amp;quot;startColumn&amp;quot;: 4,&lt;br/>      &amp;quot;endLine&amp;quot;: 15,&lt;br/>      &amp;quot;endColumn&amp;quot;: 2,&lt;br/>      &amp;quot;prompt&amp;quot;: {&lt;br/>        &amp;quot;startLine&amp;quot;: 7,&lt;br/>        &amp;quot;startColumn&amp;quot;: 4,&lt;br/>        &amp;quot;endLine&amp;quot;: 7,&lt;br/>        &amp;quot;endColumn&amp;quot;: 28&lt;br/>      },&lt;br/>      &amp;quot;commands&amp;quot;: [&lt;br/>        {&lt;br/>          &amp;quot;commandIndex&amp;quot;: 0,&lt;br/>          &amp;quot;startLine&amp;quot;: 9,&lt;br/>          &amp;quot;startColumn&amp;quot;: 8,&lt;br/>          &amp;quot;endLine&amp;quot;: 12,&lt;br/>          &amp;quot;endColumn&amp;quot;: 21,&lt;br/>          &amp;quot;command&amp;quot;: &amp;quot;hover-text&amp;quot;&lt;br/>        },&lt;br/>        {&lt;br/>          &amp;quot;commandIndex&amp;quot;: 1,&lt;br/>          &amp;quot;startLine&amp;quot;: 13,&lt;br/>          &amp;quot;startColumn&amp;quot;: 8,&lt;br/>          &amp;quot;endLine&amp;quot;: 14,&lt;br/>          &amp;quot;endColumn&amp;quot;: 27,&lt;br/>          &amp;quot;command&amp;quot;: &amp;quot;type&amp;quot;&lt;br/>        }&lt;br/>      ]&lt;br/>    },&lt;br/>    &amp;quot;command&amp;quot;: {&lt;br/>      &amp;quot;commandIndex&amp;quot;: 0,&lt;br/>      &amp;quot;startLine&amp;quot;: 9,&lt;br/>      &amp;quot;startColumn&amp;quot;: 8,&lt;br/>      &amp;quot;endLine&amp;quot;: 12,&lt;br/>      &amp;quot;endColumn&amp;quot;: 21,&lt;br/>      &amp;quot;command&amp;quot;: &amp;quot;hover-text&amp;quot;&lt;br/>    }&lt;br/>  }&lt;br/>}&#xA;  Duration: 11.892s&#xA;Error: &lt;span style=&quot;color:#d33434&quot;>Error detected, but recovery mode is not enabled.&lt;span style=&quot;color:#000000&quot;>&lt;/span>&lt;/span>&#xA;[info] To attempt automatic recovery, re-run with the --heal flag.&#xA;&amp;#x2717; Fatal Error: &lt;span style=&quot;color:#d33434&quot;>Error in login.yaml:&lt;span style=&quot;color:#000000&quot;>&lt;br/>&lt;br/>   7&lt;span style=&quot;font-weight:normal;text-decoration:none;font-style:normal&quot;>             name: Google Chrome&lt;span style=&quot;font-weight:normal;text-decoration:none;font-style:normal&quot;>&lt;br/>   8&lt;span style=&quot;font-weight:normal;text-decoration:none;font-style:normal&quot;>       - prompt: enter a username&lt;span style=&quot;font-weight:normal;text-decoration:none;font-style:normal&quot;>&lt;br/>   9&lt;span style=&quot;font-weight:normal;text-decoration:none;font-style:normal&quot;>         commands:&lt;span style=&quot;font-weight:normal;text-decoration:none;font-style:normal&quot;>&lt;br/>  10&lt;span style=&quot;font-weight:normal;text-decoration:none;font-style:normal&quot;> &lt;span style=&quot;color:#d33434&quot;>&amp;gt;&amp;gt;&amp;gt;&lt;span style=&quot;color:#000000&quot;> &lt;span style=&quot;color:#d33434&quot;>      - command: hover-text&lt;span style=&quot;color:#000000&quot;>&lt;br/>  11&lt;span style=&quot;font-weight:normal;text-decoration:none;font-style:normal&quot;>             text: Username&lt;span style=&quot;font-weight:normal;text-decoration:none;font-style:normal&quot;>&lt;br/>  12&lt;span style=&quot;font-weight:normal;text-decoration:none;font-style:normal&quot;>             description: username input field&lt;span style=&quot;font-weight:normal;text-decoration:none;font-style:normal&quot;>&lt;br/>  13&lt;span style=&quot;font-weight:normal;text-decoration:none;font-style:normal&quot;>             action: click&lt;span style=&quot;font-weight:normal;text-decoration:none;font-style:normal&quot;>&lt;br/>&lt;br/>&lt;span style=&quot;color:#ced334&quot;>Error: Timed out (5 seconds) while searching for &amp;quot;Username&amp;quot;&lt;span style=&quot;color:#000000&quot;>&lt;/span>&lt;/span>&lt;/span>&lt;/span>&lt;/span>&lt;/span>&lt;/span>&lt;/span>&lt;/span>&lt;/span>&lt;/span>&lt;/span>&lt;/span>&lt;/span>&lt;/span>&lt;/span>&lt;/span>&lt;/span>&lt;/span>&lt;/span>&lt;/span>&#xA;        &lt;/div>"/>
      </properties>
      <failure message="&lt;pre>{&lt;br/>  &amp;quot;command&amp;quot;: &amp;quot;hover-text&amp;quot;,&lt;br/>  &amp;quot;depth&amp;quot;: 1,&lt;br/>  &amp;quot;data&amp;quot;: {&lt;br/>    &amp;quot;command&amp;quot;: &amp;quot;hover-text&amp;quot;,&lt;br/>    &amp;quot;text&amp;quot;: &amp;quot;Username&amp;quot;,&lt;br/>    &amp;quot;description&amp;quot;: &amp;quot;username input field&amp;quot;,&lt;br/>    &amp;quot;action&amp;quot;: &amp;quot;click&amp;quot;&lt;br/>  },&lt;br/>  &amp;quot;error&amp;quot;: &amp;quot;Timed out (5 seconds) while searching for \&amp;quot;Username\&amp;quot;&amp;quot;,&lt;br/>  &amp;quot;duration&amp;quot;: 11892,&lt;br/>  &amp;quot;timestamp&amp;quot;: 1754009741565,&lt;br/>  &amp;quot;sourcePosition&amp;quot;: {&lt;br/>    &amp;quot;filePath&amp;quot;: &amp;quot;/Users/ianjennings/Development/testdriverai/testdriver/acceptance/snippets/login.yaml&amp;quot;,&lt;br/>    &amp;quot;step&amp;quot;: {&lt;br/>      &amp;quot;stepIndex&amp;quot;: 1,&lt;br/>      &amp;quot;startLine&amp;quot;: 7,&lt;br/>      &amp;quot;startColumn&amp;quot;: 4,&lt;br/>      &amp;quot;endLine&amp;quot;: 15,&lt;br/>      &amp;quot;endColumn&amp;quot;: 2,&lt;br/>      &amp;quot;prompt&amp;quot;: {&lt;br/>        &amp;quot;startLine&amp;quot;: 7,&lt;br/>        &amp;quot;startColumn&amp;quot;: 4,&lt;br/>        &amp;quot;endLine&amp;quot;: 7,&lt;br/>        &amp;quot;endColumn&amp;quot;: 28&lt;br/>      },&lt;br/>      &amp;quot;commands&amp;quot;: [&lt;br/>        {&lt;br/>          &amp;quot;commandIndex&amp;quot;: 0,&lt;br/>          &amp;quot;startLine&amp;quot;: 9,&lt;br/>          &amp;quot;startColumn&amp;quot;: 8,&lt;br/>          &amp;quot;endLine&amp;quot;: 12,&lt;br/>          &amp;quot;endColumn&amp;quot;: 21,&lt;br/>          &amp;quot;command&amp;quot;: &amp;quot;hover-text&amp;quot;&lt;br/>        },&lt;br/>        {&lt;br/>          &amp;quot;commandIndex&amp;quot;: 1,&lt;br/>          &amp;quot;startLine&amp;quot;: 13,&lt;br/>          &amp;quot;startColumn&amp;quot;: 8,&lt;br/>          &amp;quot;endLine&amp;quot;: 14,&lt;br/>          &amp;quot;endColumn&amp;quot;: 27,&lt;br/>          &amp;quot;command&amp;quot;: &amp;quot;type&amp;quot;&lt;br/>        }&lt;br/>      ]&lt;br/>    },&lt;br/>    &amp;quot;command&amp;quot;: {&lt;br/>      &amp;quot;commandIndex&amp;quot;: 0,&lt;br/>      &amp;quot;startLine&amp;quot;: 9,&lt;br/>      &amp;quot;startColumn&amp;quot;: 8,&lt;br/>      &amp;quot;endLine&amp;quot;: 12,&lt;br/>      &amp;quot;endColumn&amp;quot;: 21,&lt;br/>      &amp;quot;command&amp;quot;: &amp;quot;hover-text&amp;quot;&lt;br/>    }&lt;br/>  }&lt;br/>}&lt;/pre>&#xA;&lt;span style=&quot;color:#d33434&quot;>Error in login.yaml:&lt;span style=&quot;color:#000000&quot;>&lt;br/>&lt;br/>   7&lt;span style=&quot;font-weight:normal;text-decoration:none;font-style:normal&quot;>             name: Google Chrome&lt;span style=&quot;font-weight:normal;text-decoration:none;font-style:normal&quot;>&lt;br/>   8&lt;span style=&quot;font-weight:normal;text-decoration:none;font-style:normal&quot;>       - prompt: enter a username&lt;span style=&quot;font-weight:normal;text-decoration:none;font-style:normal&quot;>&lt;br/>   9&lt;span style=&quot;font-weight:normal;text-decoration:none;font-style:normal&quot;>         commands:&lt;span style=&quot;font-weight:normal;text-decoration:none;font-style:normal&quot;>&lt;br/>  10&lt;span style=&quot;font-weight:normal;text-decoration:none;font-style:normal&quot;> &lt;span style=&quot;color:#d33434&quot;>&amp;gt;&amp;gt;&amp;gt;&lt;span style=&quot;color:#000000&quot;> &lt;span style=&quot;color:#d33434&quot;>      - command: hover-text&lt;span style=&quot;color:#000000&quot;>&lt;br/>  11&lt;span style=&quot;font-weight:normal;text-decoration:none;font-style:normal&quot;>             text: Username&lt;span style=&quot;font-weight:normal;text-decoration:none;font-style:normal&quot;>&lt;br/>  12&lt;span style=&quot;font-weight:normal;text-decoration:none;font-style:normal&quot;>             description: username input field&lt;span style=&quot;font-weight:normal;text-decoration:none;font-style:normal&quot;>&lt;br/>  13&lt;span style=&quot;font-weight:normal;text-decoration:none;font-style:normal&quot;>             action: click&lt;span style=&quot;font-weight:normal;text-decoration:none;font-style:normal&quot;>&lt;br/>&lt;br/>&lt;span style=&quot;color:#ced334&quot;>Error: Timed out (5 seconds) while searching for &amp;quot;Username&amp;quot;&lt;span style=&quot;color:#000000&quot;>&lt;/span>&lt;/span>&lt;/span>&lt;/span>&lt;/span>&lt;/span>&lt;/span>&lt;/span>&lt;/span>&lt;/span>&lt;/span>&lt;/span>&lt;/span>&lt;/span>&lt;/span>&lt;/span>&lt;/span>&lt;/span>&lt;/span>&lt;/span>&lt;/span>"/>
      <system-out><![CDATA[Test step started: Step 1
[info] 
[info] > no prompt
> run
[info] hover-image.yaml:4:5 (run)
[info] command='run' file='snippets/login.yaml'
[info] snippets/login.yaml (start)
> focus-application
[info] login.yaml:4:6 (focus-application)
[info] command='focus-application' name='Google Chrome'
✓ Command succeeded: {
  "command": "focus-application",
  "depth": 1,
  "data": {
    "command": "focus-application",
    "name": "Google Chrome"
  },
  "duration": 8039,
  "response": "The application was focused.",
  "timestamp": 1754009729672,
  "sourcePosition": {
    "filePath": "/Users/ianjennings/Development/testdriverai/testdriver/acceptance/snippets/login.yaml",
    "step": {
      "stepIndex": 0,
      "startLine": 3,
      "startColumn": 4,
      "endLine": 7,
      "endColumn": 2,
      "prompt": {
        "startLine": 3,
        "startColumn": 4,
        "endLine": 3,
        "endColumn": 24
      },
      "commands": [
        {
          "commandIndex": 0,
          "startLine": 5,
          "startColumn": 8,
          "endLine": 6,
          "endColumn": 27,
          "command": "focus-application"
        }
      ]
    },
    "command": {
      "commandIndex": 0,
      "startLine": 5,
      "startColumn": 8,
      "endLine": 6,
      "endColumn": 27,
      "command": "focus-application"
    }
  }
}
  Duration: 8.039s
> hover-text
[info] login.yaml:8:10 (hover-text)
[info] command='hover-text' text='Username' description='username input field' action='click'
[info] waiting for text: "Username"...
[info] 1 seconds have passed without finding "Username"
[info] 5 seconds have passed without finding "Username"
[info] 8 seconds have passed without finding "Username"
✗ Command failed: {
  "command": "hover-text",
  "depth": 1,
  "data": {
    "command": "hover-text",
    "text": "Username",
    "description": "username input field",
    "action": "click"
  },
  "error": "Timed out (5 seconds) while searching for \"Username\"",
  "duration": 11892,
  "timestamp": 1754009741565,
  "sourcePosition": {
    "filePath": "/Users/ianjennings/Development/testdriverai/testdriver/acceptance/snippets/login.yaml",
    "step": {
      "stepIndex": 1,
      "startLine": 7,
      "startColumn": 4,
      "endLine": 15,
      "endColumn": 2,
      "prompt": {
        "startLine": 7,
        "startColumn": 4,
        "endLine": 7,
        "endColumn": 28
      },
      "commands": [
        {
          "commandIndex": 0,
          "startLine": 9,
          "startColumn": 8,
          "endLine": 12,
          "endColumn": 21,
          "command": "hover-text"
        },
        {
          "commandIndex": 1,
          "startLine": 13,
          "startColumn": 8,
          "endLine": 14,
          "endColumn": 27,
          "command": "type"
        }
      ]
    },
    "command": {
      "commandIndex": 0,
      "startLine": 9,
      "startColumn": 8,
      "endLine": 12,
      "endColumn": 21,
      "command": "hover-text"
    }
  }
}
  Duration: 11.892s
Error: Error detected, but recovery mode is not enabled.
[info] To attempt automatic recovery, re-run with the --heal flag.
✗ Fatal Error: Error in login.yaml:

   7             name: Google Chrome
   8       - prompt: enter a username
   9         commands:
  10 >>>       - command: hover-text
  11             text: Username
  12             description: username input field
  13             action: click

Error: Timed out (5 seconds) while searching for "Username"]]></system-out>
    </testcase>
  </testsuite>
  <testsuite name="postrun" tests="1" failures="0" errors="0" skipped="0">
    <testcase classname="postrun" name="stop dashcam" time="7.494">
      <properties>
        <property name="step[passed]" value="Step 1: exec (7.492s)"/>
        <property name="html:richtext" value="&#xA;        &lt;h3>Test Step Output&lt;/h3>&#xA;        &lt;div style=&quot;font-family: monospace; background: #f5f5f5; padding: 10px; border-radius: 4px;&quot;>&#xA;          Test step started: stop dashcam&#xA;[info] &#xA;[info] &lt;span style=&quot;color:#ced334&quot;>&amp;gt; stop dashcam&lt;span style=&quot;color:#000000&quot;>&lt;/span>&lt;/span>&#xA;&amp;gt; exec&#xA;[info] postrun.yaml:4:6 (exec)&lt;span style=&quot;font-weight:normal;text-decoration:none;font-style:normal&quot;>&lt;/span>&#xA;[info] &lt;span style=&quot;color:#34d3d3&quot;>command&lt;span style=&quot;color:#000000&quot;>=&lt;span style=&quot;color:#b3d334&quot;>&amp;apos;exec&amp;apos;&lt;span style=&quot;color:#000000&quot;> &lt;span style=&quot;color:#34d3d3&quot;>code&lt;span style=&quot;color:#000000&quot;>=&lt;span style=&quot;color:#b3d334&quot;>&amp;apos;dashcam -t &amp;apos;/Users/ianjennings/Development/testdriverai/testdriver/lifecycle/postrun.yaml&amp;apos; -p&amp;apos;&lt;span style=&quot;color:#000000&quot;> &lt;span style=&quot;color:#34d3d3&quot;>lang&lt;span style=&quot;color:#000000&quot;>=&lt;span style=&quot;color:#b3d334&quot;>&amp;apos;pwsh&amp;apos;&lt;span style=&quot;color:#000000&quot;>&lt;/span>&lt;/span>&lt;/span>&lt;/span>&lt;/span>&lt;/span>&lt;/span>&lt;/span>&lt;/span>&lt;/span>&lt;/span>&lt;/span>&#xA;[info] calling exec...&lt;span style=&quot;font-weight:normal;text-decoration:none;font-style:normal&quot;>&lt;/span>&#xA;[info] dashcam -t &amp;apos;/Users/ianjennings/Development/testdriverai/testdriver/lifecycle/postrun.yaml&amp;apos; -p&#xA;[info] Command stdout:&lt;span style=&quot;font-weight:normal;text-decoration:none;font-style:normal&quot;>&lt;/span>&#xA;[info] https://app.dashcam.io/replay/688c1094ebb92e01b4332025?share=tYohi6Ptu0p6gJUpVqWA&lt;br/>&#xA;&amp;#x2713; Command succeeded: {&lt;br/>  &amp;quot;command&amp;quot;: &amp;quot;exec&amp;quot;,&lt;br/>  &amp;quot;depth&amp;quot;: 0,&lt;br/>  &amp;quot;data&amp;quot;: {&lt;br/>    &amp;quot;command&amp;quot;: &amp;quot;exec&amp;quot;,&lt;br/>    &amp;quot;lang&amp;quot;: &amp;quot;pwsh&amp;quot;,&lt;br/>    &amp;quot;code&amp;quot;: &amp;quot;dashcam -t &amp;apos;/Users/ianjennings/Development/testdriverai/testdriver/lifecycle/postrun.yaml&amp;apos; -p&amp;quot;&lt;br/>  },&lt;br/>  &amp;quot;duration&amp;quot;: 7492,&lt;br/>  &amp;quot;response&amp;quot;: &amp;quot;https://app.dashcam.io/replay/688c1094ebb92e01b4332025?share=tYohi6Ptu0p6gJUpVqWA&amp;quot;,&lt;br/>  &amp;quot;timestamp&amp;quot;: 1754009749090,&lt;br/>  &amp;quot;sourcePosition&amp;quot;: {&lt;br/>    &amp;quot;filePath&amp;quot;: &amp;quot;/Users/ianjennings/Development/testdriverai/testdriver/lifecycle/postrun.yaml&amp;quot;,&lt;br/>    &amp;quot;step&amp;quot;: {&lt;br/>      &amp;quot;stepIndex&amp;quot;: 0,&lt;br/>      &amp;quot;startLine&amp;quot;: 3,&lt;br/>      &amp;quot;startColumn&amp;quot;: 4,&lt;br/>      &amp;quot;endLine&amp;quot;: 8,&lt;br/>      &amp;quot;endColumn&amp;quot;: 0,&lt;br/>      &amp;quot;prompt&amp;quot;: {&lt;br/>        &amp;quot;startLine&amp;quot;: 3,&lt;br/>        &amp;quot;startColumn&amp;quot;: 4,&lt;br/>        &amp;quot;endLine&amp;quot;: 3,&lt;br/>        &amp;quot;endColumn&amp;quot;: 24&lt;br/>      },&lt;br/>      &amp;quot;commands&amp;quot;: [&lt;br/>        {&lt;br/>          &amp;quot;commandIndex&amp;quot;: 0,&lt;br/>          &amp;quot;startLine&amp;quot;: 5,&lt;br/>          &amp;quot;startColumn&amp;quot;: 8,&lt;br/>          &amp;quot;endLine&amp;quot;: 7,&lt;br/>          &amp;quot;endColumn&amp;quot;: 45,&lt;br/>          &amp;quot;command&amp;quot;: &amp;quot;exec&amp;quot;&lt;br/>        }&lt;br/>      ]&lt;br/>    },&lt;br/>    &amp;quot;command&amp;quot;: {&lt;br/>      &amp;quot;commandIndex&amp;quot;: 0,&lt;br/>      &amp;quot;startLine&amp;quot;: 5,&lt;br/>      &amp;quot;startColumn&amp;quot;: 8,&lt;br/>      &amp;quot;endLine&amp;quot;: 7,&lt;br/>      &amp;quot;endColumn&amp;quot;: 45,&lt;br/>      &amp;quot;command&amp;quot;: &amp;quot;exec&amp;quot;&lt;br/>    }&lt;br/>  }&lt;br/>}&#xA;  Duration: 7.492s&#xA;&amp;#x2713; Step completed successfully: {&lt;br/>  &amp;quot;stepIndex&amp;quot;: 0,&lt;br/>  &amp;quot;prompt&amp;quot;: &amp;quot;stop dashcam&amp;quot;,&lt;br/>  &amp;quot;commandCount&amp;quot;: 1,&lt;br/>  &amp;quot;duration&amp;quot;: 7493,&lt;br/>  &amp;quot;timestamp&amp;quot;: 1754009749090,&lt;br/>  &amp;quot;sourcePosition&amp;quot;: {&lt;br/>    &amp;quot;filePath&amp;quot;: &amp;quot;/Users/ianjennings/Development/testdriverai/testdriver/lifecycle/postrun.yaml&amp;quot;,&lt;br/>    &amp;quot;step&amp;quot;: {&lt;br/>      &amp;quot;stepIndex&amp;quot;: 0,&lt;br/>      &amp;quot;startLine&amp;quot;: 3,&lt;br/>      &amp;quot;startColumn&amp;quot;: 4,&lt;br/>      &amp;quot;endLine&amp;quot;: 8,&lt;br/>      &amp;quot;endColumn&amp;quot;: 0,&lt;br/>      &amp;quot;prompt&amp;quot;: {&lt;br/>        &amp;quot;startLine&amp;quot;: 3,&lt;br/>        &amp;quot;startColumn&amp;quot;: 4,&lt;br/>        &amp;quot;endLine&amp;quot;: 3,&lt;br/>        &amp;quot;endColumn&amp;quot;: 24&lt;br/>      },&lt;br/>      &amp;quot;commands&amp;quot;: [&lt;br/>        {&lt;br/>          &amp;quot;commandIndex&amp;quot;: 0,&lt;br/>          &amp;quot;startLine&amp;quot;: 5,&lt;br/>          &amp;quot;startColumn&amp;quot;: 8,&lt;br/>          &amp;quot;endLine&amp;quot;: 7,&lt;br/>          &amp;quot;endColumn&amp;quot;: 45,&lt;br/>          &amp;quot;command&amp;quot;: &amp;quot;exec&amp;quot;&lt;br/>        }&lt;br/>      ]&lt;br/>    },&lt;br/>    &amp;quot;command&amp;quot;: null&lt;br/>  }&lt;br/>}&#xA;Test completed successfully: {&lt;br/>  &amp;quot;filePath&amp;quot;: &amp;quot;/Users/ianjennings/Development/testdriverai/testdriver/lifecycle/postrun.yaml&amp;quot;,&lt;br/>  &amp;quot;duration&amp;quot;: 7521,&lt;br/>  &amp;quot;timestamp&amp;quot;: 1754009749091&lt;br/>}&#xA;        &lt;/div>"/>
      </properties>
      <system-out><![CDATA[Test step started: stop dashcam
[info] 
[info] > stop dashcam
> exec
[info] postrun.yaml:4:6 (exec)
[info] command='exec' code='dashcam -t '/Users/ianjennings/Development/testdriverai/testdriver/lifecycle/postrun.yaml' -p' lang='pwsh'
[info] calling exec...
[info] dashcam -t '/Users/ianjennings/Development/testdriverai/testdriver/lifecycle/postrun.yaml' -p
[info] Command stdout:
[info] https://app.dashcam.io/replay/688c1094ebb92e01b4332025?share=tYohi6Ptu0p6gJUpVqWA

✓ Command succeeded: {
  "command": "exec",
  "depth": 0,
  "data": {
    "command": "exec",
    "lang": "pwsh",
    "code": "dashcam -t '/Users/ianjennings/Development/testdriverai/testdriver/lifecycle/postrun.yaml' -p"
  },
  "duration": 7492,
  "response": "https://app.dashcam.io/replay/688c1094ebb92e01b4332025?share=tYohi6Ptu0p6gJUpVqWA",
  "timestamp": 1754009749090,
  "sourcePosition": {
    "filePath": "/Users/ianjennings/Development/testdriverai/testdriver/lifecycle/postrun.yaml",
    "step": {
      "stepIndex": 0,
      "startLine": 3,
      "startColumn": 4,
      "endLine": 8,
      "endColumn": 0,
      "prompt": {
        "startLine": 3,
        "startColumn": 4,
        "endLine": 3,
        "endColumn": 24
      },
      "commands": [
        {
          "commandIndex": 0,
          "startLine": 5,
          "startColumn": 8,
          "endLine": 7,
          "endColumn": 45,
          "command": "exec"
        }
      ]
    },
    "command": {
      "commandIndex": 0,
      "startLine": 5,
      "startColumn": 8,
      "endLine": 7,
      "endColumn": 45,
      "command": "exec"
    }
  }
}
  Duration: 7.492s
✓ Step completed successfully: {
  "stepIndex": 0,
  "prompt": "stop dashcam",
  "commandCount": 1,
  "duration": 7493,
  "timestamp": 1754009749090,
  "sourcePosition": {
    "filePath": "/Users/ianjennings/Development/testdriverai/testdriver/lifecycle/postrun.yaml",
    "step": {
      "stepIndex": 0,
      "startLine": 3,
      "startColumn": 4,
      "endLine": 8,
      "endColumn": 0,
      "prompt": {
        "startLine": 3,
        "startColumn": 4,
        "endLine": 3,
        "endColumn": 24
      },
      "commands": [
        {
          "commandIndex": 0,
          "startLine": 5,
          "startColumn": 8,
          "endLine": 7,
          "endColumn": 45,
          "command": "exec"
        }
      ]
    },
    "command": null
  }
}
Test completed successfully: {
  "filePath": "/Users/ianjennings/Development/testdriverai/testdriver/lifecycle/postrun.yaml",
  "duration": 7521,
  "timestamp": 1754009749091
}]]></system-out>
    </testcase>
  </testsuite>
</testsuites>